[  0%] Built target actionlib_generate_messages_eus
[  0%] Built target dynamic_reconfigure_generate_messages_nodejs
[  0%] Built target dynamic_reconfigure_generate_messages_eus
[  0%] Built target topic_tools_generate_messages_lisp
[  0%] Built target dynamic_reconfigure_generate_messages_py
[  0%] Built target geometry_msgs_generate_messages_lisp
[  0%] Built target actionlib_msgs_generate_messages_py
[  0%] Built target actionlib_generate_messages_lisp
[  0%] Built target dynamic_reconfigure_generate_messages_lisp
[  0%] Built target dynamic_reconfigure_generate_messages_cpp
[  0%] Built target rosgraph_msgs_generate_messages_cpp
[  0%] Built target diagnostic_msgs_generate_messages_nodejs
[  0%] Built target diagnostic_msgs_generate_messages_cpp
[  0%] Built target std_msgs_generate_messages_py
[  0%] Built target geometry_msgs_generate_messages_eus
[  0%] Built target rosgraph_msgs_generate_messages_py
[  0%] Built target nav_msgs_generate_messages_nodejs
[  0%] Built target actionlib_generate_messages_nodejs
[  5%] Built target amcl_gencfg
[  5%] Built target std_msgs_generate_messages_lisp
[ 10%] Built target sensor_msgs_generate_messages_lisp
[ 35%] Built target amcl_map
[ 35%] Built target roscpp_generate_messages_eus
[ 35%] Built target tf2_msgs_generate_messages_nodejs
[ 35%] Built target geometry_msgs_generate_messages_nodejs
[ 35%] Built target diagnostic_msgs_generate_messages_eus
[ 35%] Built target roscpp_generate_messages_lisp
[ 35%] Built target std_msgs_generate_messages_cpp
[ 35%] Built target dynamic_reconfigure_gencfg
[ 35%] Built target diagnostic_msgs_generate_messages_py
[ 35%] Built target actionlib_msgs_generate_messages_eus
[ 35%] Built target rosgraph_msgs_generate_messages_lisp
[ 35%] Built target diagnostic_msgs_generate_messages_lisp
[ 35%] Built target std_msgs_generate_messages_eus
[ 35%] Built target roscpp_generate_messages_nodejs
[ 35%] Built target geometry_msgs_generate_messages_py
[ 35%] Built target geometry_msgs_generate_messages_cpp
[ 35%] Built target topic_tools_generate_messages_nodejs
[ 35%] Built target roscpp_generate_messages_py
[ 35%] Built target sensor_msgs_generate_messages_cpp
[ 35%] Built target std_msgs_generate_messages_nodejs
[ 35%] Built target roscpp_generate_messages_cpp
[ 35%] Built target nav_msgs_generate_messages_cpp
[ 35%] Built target nav_msgs_generate_messages_py
[ 35%] Built target nav_msgs_generate_messages_eus
[ 35%] Built target nav_msgs_generate_messages_lisp
[ 35%] Built target actionlib_msgs_generate_messages_cpp
[ 35%] Built target sensor_msgs_generate_messages_eus
[ 35%] Built target actionlib_msgs_generate_messages_lisp
[ 35%] Built target actionlib_msgs_generate_messages_nodejs
[ 35%] Built target std_srvs_generate_messages_cpp
[ 35%] Built target std_srvs_generate_messages_eus
[ 35%] Built target std_srvs_generate_messages_lisp
[ 35%] Built target rosgraph_msgs_generate_messages_eus
[ 35%] Built target actionlib_generate_messages_cpp
[ 35%] Built target rosgraph_msgs_generate_messages_nodejs
[ 35%] Built target actionlib_generate_messages_py
[ 35%] Built target std_srvs_generate_messages_nodejs
[ 35%] Built target tf2_msgs_generate_messages_eus
[ 35%] Built target topic_tools_generate_messages_cpp
[ 35%] Built target std_srvs_generate_messages_py
[ 35%] Built target sensor_msgs_generate_messages_nodejs
[ 35%] Built target topic_tools_generate_messages_py
[ 70%] Built target amcl_pf
[ 70%] Built target sensor_msgs_generate_messages_py
[ 70%] Built target topic_tools_generate_messages_eus
[ 70%] Built target tf2_msgs_generate_messages_py
[ 70%] Built target tf2_msgs_generate_messages_cpp
[ 90%] Built target amcl_sensors
[ 90%] Built target tf2_msgs_generate_messages_lisp
[100%] Built target amcl
