Linked: (/home/pi/catkin_ws/devel/.private/robot_pose_ekf/include/robot_pose_ekf/GetStatusRequest.h, /home/pi/catkin_ws/devel/include/robot_pose_ekf/GetStatusRequest.h)
Linked: (/home/pi/catkin_ws/devel/.private/robot_pose_ekf/include/robot_pose_ekf/GetStatus.h, /home/pi/catkin_ws/devel/include/robot_pose_ekf/GetStatus.h)
Linked: (/home/pi/catkin_ws/devel/.private/robot_pose_ekf/include/robot_pose_ekf/GetStatusResponse.h, /home/pi/catkin_ws/devel/include/robot_pose_ekf/GetStatusResponse.h)
Linked: (/home/pi/catkin_ws/devel/.private/robot_pose_ekf/lib/pkgconfig/robot_pose_ekf.pc, /home/pi/catkin_ws/devel/lib/pkgconfig/robot_pose_ekf.pc)
Linked: (/home/pi/catkin_ws/devel/.private/robot_pose_ekf/lib/robot_pose_ekf/test_robot_pose_ekf, /home/pi/catkin_ws/devel/lib/robot_pose_ekf/test_robot_pose_ekf)
Linked: (/home/pi/catkin_ws/devel/.private/robot_pose_ekf/lib/robot_pose_ekf/robot_pose_ekf, /home/pi/catkin_ws/devel/lib/robot_pose_ekf/robot_pose_ekf)
Linked: (/home/pi/catkin_ws/devel/.private/robot_pose_ekf/lib/robot_pose_ekf/test_robot_pose_ekf_zero_covariance, /home/pi/catkin_ws/devel/lib/robot_pose_ekf/test_robot_pose_ekf_zero_covariance)
Linked: (/home/pi/catkin_ws/devel/.private/robot_pose_ekf/lib/python3/dist-packages/robot_pose_ekf/__init__.py, /home/pi/catkin_ws/devel/lib/python3/dist-packages/robot_pose_ekf/__init__.py)
Linked: (/home/pi/catkin_ws/devel/.private/robot_pose_ekf/lib/python3/dist-packages/robot_pose_ekf/srv/_GetStatus.py, /home/pi/catkin_ws/devel/lib/python3/dist-packages/robot_pose_ekf/srv/_GetStatus.py)
Linked: (/home/pi/catkin_ws/devel/.private/robot_pose_ekf/lib/python3/dist-packages/robot_pose_ekf/srv/__init__.py, /home/pi/catkin_ws/devel/lib/python3/dist-packages/robot_pose_ekf/srv/__init__.py)
Linked: (/home/pi/catkin_ws/devel/.private/robot_pose_ekf/share/common-lisp/ros/robot_pose_ekf/srv/GetStatus.lisp, /home/pi/catkin_ws/devel/share/common-lisp/ros/robot_pose_ekf/srv/GetStatus.lisp)
Linked: (/home/pi/catkin_ws/devel/.private/robot_pose_ekf/share/common-lisp/ros/robot_pose_ekf/srv/_package.lisp, /home/pi/catkin_ws/devel/share/common-lisp/ros/robot_pose_ekf/srv/_package.lisp)
Linked: (/home/pi/catkin_ws/devel/.private/robot_pose_ekf/share/common-lisp/ros/robot_pose_ekf/srv/robot_pose_ekf-srv.asd, /home/pi/catkin_ws/devel/share/common-lisp/ros/robot_pose_ekf/srv/robot_pose_ekf-srv.asd)
Linked: (/home/pi/catkin_ws/devel/.private/robot_pose_ekf/share/common-lisp/ros/robot_pose_ekf/srv/_package_GetStatus.lisp, /home/pi/catkin_ws/devel/share/common-lisp/ros/robot_pose_ekf/srv/_package_GetStatus.lisp)
Linked: (/home/pi/catkin_ws/devel/.private/robot_pose_ekf/share/roseus/ros/robot_pose_ekf/manifest.l, /home/pi/catkin_ws/devel/share/roseus/ros/robot_pose_ekf/manifest.l)
Linked: (/home/pi/catkin_ws/devel/.private/robot_pose_ekf/share/roseus/ros/robot_pose_ekf/srv/GetStatus.l, /home/pi/catkin_ws/devel/share/roseus/ros/robot_pose_ekf/srv/GetStatus.l)
Linked: (/home/pi/catkin_ws/devel/.private/robot_pose_ekf/share/robot_pose_ekf/cmake/robot_pose_ekfConfig.cmake, /home/pi/catkin_ws/devel/share/robot_pose_ekf/cmake/robot_pose_ekfConfig.cmake)
Linked: (/home/pi/catkin_ws/devel/.private/robot_pose_ekf/share/robot_pose_ekf/cmake/robot_pose_ekfConfig-version.cmake, /home/pi/catkin_ws/devel/share/robot_pose_ekf/cmake/robot_pose_ekfConfig-version.cmake)
Linked: (/home/pi/catkin_ws/devel/.private/robot_pose_ekf/share/robot_pose_ekf/cmake/robot_pose_ekf-msg-extras.cmake, /home/pi/catkin_ws/devel/share/robot_pose_ekf/cmake/robot_pose_ekf-msg-extras.cmake)
Linked: (/home/pi/catkin_ws/devel/.private/robot_pose_ekf/share/robot_pose_ekf/cmake/robot_pose_ekf-msg-paths.cmake, /home/pi/catkin_ws/devel/share/robot_pose_ekf/cmake/robot_pose_ekf-msg-paths.cmake)
Linked: (/home/pi/catkin_ws/devel/.private/robot_pose_ekf/share/gennodejs/ros/robot_pose_ekf/_index.js, /home/pi/catkin_ws/devel/share/gennodejs/ros/robot_pose_ekf/_index.js)
Linked: (/home/pi/catkin_ws/devel/.private/robot_pose_ekf/share/gennodejs/ros/robot_pose_ekf/srv/GetStatus.js, /home/pi/catkin_ws/devel/share/gennodejs/ros/robot_pose_ekf/srv/GetStatus.js)
Linked: (/home/pi/catkin_ws/devel/.private/robot_pose_ekf/share/gennodejs/ros/robot_pose_ekf/srv/_index.js, /home/pi/catkin_ws/devel/share/gennodejs/ros/robot_pose_ekf/srv/_index.js)
