make[2]: Warning: File 'CMakeFiles/drive_enc_node.dir/depend.make' has modification time 2388 s in the future
make[2]: Warning: File 'CMakeFiles/Skid_steer_control.dir/depend.make' has modification time 2388 s in the future
make[2]: Warning: File 'CMakeFiles/main_node.dir/depend.make' has modification time 2388 s in the future
make[2]: warning:  Clock skew detected.  Your build may be incomplete.
make[2]: warning:  Clock skew detected.  Your build may be incomplete.
make[2]: Warning: File 'CMakeFiles/Skid_steer_control.dir/depend.make' has modification time 2388 s in the future
make[2]: Warning: File 'CMakeFiles/drive_enc_node.dir/depend.make' has modification time 2388 s in the future
make[2]: warning:  Clock skew detected.  Your build may be incomplete.
make[2]: warning:  Clock skew detected.  Your build may be incomplete.
make[2]: warning:  Clock skew detected.  Your build may be incomplete.
make[2]: Warning: File 'CMakeFiles/main_node.dir/depend.make' has modification time 2388 s in the future
make[2]: warning:  Clock skew detected.  Your build may be incomplete.
make[2]: Warning: File 'CMakeFiles/test_node.dir/depend.make' has modification time 2388 s in the future
make[2]: Warning: File 'CMakeFiles/drive_keyboard_teleop_node.dir/depend.make' has modification time 2413 s in the future
make[2]: Warning: File 'CMakeFiles/odom_sub_node.dir/depend.make' has modification time 2419 s in the future
make[2]: warning:  Clock skew detected.  Your build may be incomplete.
make[2]: Warning: File 'CMakeFiles/test_node.dir/depend.make' has modification time 2388 s in the future
make[2]: warning:  Clock skew detected.  Your build may be incomplete.
make[2]: warning:  Clock skew detected.  Your build may be incomplete.
make[2]: Warning: File 'CMakeFiles/odom_sub_node.dir/depend.make' has modification time 2418 s in the future
make[2]: warning:  Clock skew detected.  Your build may be incomplete.
make[2]: Warning: File 'CMakeFiles/drive_keyboard_teleop_node.dir/depend.make' has modification time 2413 s in the future
make[2]: warning:  Clock skew detected.  Your build may be incomplete.
make[2]: warning:  Clock skew detected.  Your build may be incomplete.
