Linked: (/home/pi/catkin_ws/devel/.private/vmxpi_ros_bringup/include/vmxpi_ros_bringup/MotorSpeedConfig.h, /home/pi/catkin_ws/devel/include/vmxpi_ros_bringup/MotorSpeedConfig.h)
Linked: (/home/pi/catkin_ws/devel/.private/vmxpi_ros_bringup/lib/vmxpi_ros_bringup/odom_pub_node, /home/pi/catkin_ws/devel/lib/vmxpi_ros_bringup/odom_pub_node)
Linked: (/home/pi/catkin_ws/devel/.private/vmxpi_ros_bringup/lib/vmxpi_ros_bringup/drive_keyboard_teleop_node, /home/pi/catkin_ws/devel/lib/vmxpi_ros_bringup/drive_keyboard_teleop_node)
Linked: (/home/pi/catkin_ws/devel/.private/vmxpi_ros_bringup/lib/vmxpi_ros_bringup/drive_enc_node, /home/pi/catkin_ws/devel/lib/vmxpi_ros_bringup/drive_enc_node)
Linked: (/home/pi/catkin_ws/devel/.private/vmxpi_ros_bringup/lib/vmxpi_ros_bringup/main_node, /home/pi/catkin_ws/devel/lib/vmxpi_ros_bringup/main_node)
Linked: (/home/pi/catkin_ws/devel/.private/vmxpi_ros_bringup/lib/vmxpi_ros_bringup/test_node, /home/pi/catkin_ws/devel/lib/vmxpi_ros_bringup/test_node)
Linked: (/home/pi/catkin_ws/devel/.private/vmxpi_ros_bringup/lib/vmxpi_ros_bringup/odom_sub_node, /home/pi/catkin_ws/devel/lib/vmxpi_ros_bringup/odom_sub_node)
Linked: (/home/pi/catkin_ws/devel/.private/vmxpi_ros_bringup/lib/vmxpi_ros_bringup/Task3_teleop_node, /home/pi/catkin_ws/devel/lib/vmxpi_ros_bringup/Task3_teleop_node)
Linked: (/home/pi/catkin_ws/devel/.private/vmxpi_ros_bringup/lib/vmxpi_ros_bringup/Task4_servo_node, /home/pi/catkin_ws/devel/lib/vmxpi_ros_bringup/Task4_servo_node)
Linked: (/home/pi/catkin_ws/devel/.private/vmxpi_ros_bringup/lib/vmxpi_ros_bringup/Task2_sensors_node, /home/pi/catkin_ws/devel/lib/vmxpi_ros_bringup/Task2_sensors_node)
Linked: (/home/pi/catkin_ws/devel/.private/vmxpi_ros_bringup/lib/vmxpi_ros_bringup/navx_msg_conv_node, /home/pi/catkin_ws/devel/lib/vmxpi_ros_bringup/navx_msg_conv_node)
Linked: (/home/pi/catkin_ws/devel/.private/vmxpi_ros_bringup/lib/pkgconfig/vmxpi_ros_bringup.pc, /home/pi/catkin_ws/devel/lib/pkgconfig/vmxpi_ros_bringup.pc)
Linked: (/home/pi/catkin_ws/devel/.private/vmxpi_ros_bringup/lib/python3/dist-packages/vmxpi_ros_bringup/__init__.py, /home/pi/catkin_ws/devel/lib/python3/dist-packages/vmxpi_ros_bringup/__init__.py)
Linked: (/home/pi/catkin_ws/devel/.private/vmxpi_ros_bringup/lib/python3/dist-packages/vmxpi_ros_bringup/cfg/MotorSpeedConfig.py, /home/pi/catkin_ws/devel/lib/python3/dist-packages/vmxpi_ros_bringup/cfg/MotorSpeedConfig.py)
Linked: (/home/pi/catkin_ws/devel/.private/vmxpi_ros_bringup/lib/python3/dist-packages/vmxpi_ros_bringup/cfg/__init__.py, /home/pi/catkin_ws/devel/lib/python3/dist-packages/vmxpi_ros_bringup/cfg/__init__.py)
Linked: (/home/pi/catkin_ws/devel/.private/vmxpi_ros_bringup/share/vmxpi_ros_bringup/cmake/vmxpi_ros_bringupConfig.cmake, /home/pi/catkin_ws/devel/share/vmxpi_ros_bringup/cmake/vmxpi_ros_bringupConfig.cmake)
Linked: (/home/pi/catkin_ws/devel/.private/vmxpi_ros_bringup/share/vmxpi_ros_bringup/cmake/vmxpi_ros_bringupConfig-version.cmake, /home/pi/catkin_ws/devel/share/vmxpi_ros_bringup/cmake/vmxpi_ros_bringupConfig-version.cmake)
Linked: (/home/pi/catkin_ws/devel/.private/vmxpi_ros_bringup/share/vmxpi_ros_bringup/docs/MotorSpeedConfig.wikidoc, /home/pi/catkin_ws/devel/share/vmxpi_ros_bringup/docs/MotorSpeedConfig.wikidoc)
Linked: (/home/pi/catkin_ws/devel/.private/vmxpi_ros_bringup/share/vmxpi_ros_bringup/docs/MotorSpeedConfig-usage.dox, /home/pi/catkin_ws/devel/share/vmxpi_ros_bringup/docs/MotorSpeedConfig-usage.dox)
Linked: (/home/pi/catkin_ws/devel/.private/vmxpi_ros_bringup/share/vmxpi_ros_bringup/docs/MotorSpeedConfig.dox, /home/pi/catkin_ws/devel/share/vmxpi_ros_bringup/docs/MotorSpeedConfig.dox)
