[01m[K/home/pi/catkin_ws/src/geometry2/tf2/src/cache.cpp:[m[K In member function ‘[01m[Kvirtual bool tf2::TimeCache::insertData(const tf2::TransformStorage&, std::__cxx11::string*)[m[K’:
[01m[K/home/pi/catkin_ws/src/geometry2/tf2/src/cache.cpp:288:20:[m[K [01;36m[Knote: [m[Kparameter passing for argument of type ‘[01m[Kstd::deque<tf2::TransformStorage>::const_iterator[m[K’ {aka ‘[01m[Kstd::_Deque_iterator<tf2::TransformStorage, const tf2::TransformStorage&, const tf2::TransformStorage*>[m[K’} changed in GCC 7.1
     [01;36m[Kstorage_.insert(storage_it, new_data)[m[K;
     [01;36m[K~~~~~~~~~~~~~~~^~~~~~~~~~~~~~~~~~~~~~[m[K
In file included from [01m[K/usr/include/c++/8/deque:66[m[K,
                 from [01m[K/home/pi/catkin_ws/src/geometry2/tf2/include/tf2/time_cache.h:37[m[K,
                 from [01m[K/home/pi/catkin_ws/src/geometry2/tf2/src/cache.cpp:32[m[K:
[01m[K/usr/include/c++/8/bits/deque.tcc:[m[K In member function ‘[01m[Kstd::deque<_Tp, _Alloc>::iterator std::deque<_Tp, _Alloc>::insert(std::deque<_Tp, _Alloc>::const_iterator, const value_type&) [with _Tp = tf2::TransformStorage; _Alloc = std::allocator<tf2::TransformStorage>][m[K’:
[01m[K/usr/include/c++/8/bits/deque.tcc:208:5:[m[K [01;36m[Knote: [m[Kparameter passing for argument of type ‘[01m[Kstd::deque<tf2::TransformStorage>::const_iterator[m[K’ {aka ‘[01m[Kstd::_Deque_iterator<tf2::TransformStorage, const tf2::TransformStorage&, const tf2::TransformStorage*>[m[K’} changed in GCC 7.1
     [01;36m[Kdeque<_Tp, _Alloc>[m[K::
     [01;36m[K^~~~~~~~~~~~~~~~~~[m[K
In file included from [01m[K/usr/include/c++/8/deque:64[m[K,
                 from [01m[K/home/pi/catkin_ws/src/geometry2/tf2/include/tf2/time_cache.h:37[m[K,
                 from [01m[K/home/pi/catkin_ws/src/geometry2/tf2/src/cache.cpp:32[m[K:
[01m[K/usr/include/c++/8/bits/stl_deque.h:[m[K In function ‘[01m[Kstd::_Deque_iterator<_Tp, _Tp&, _Tp*> std::move(std::_Deque_iterator<_Tp, _Tp&, _Tp*>, std::_Deque_iterator<_Tp, _Tp&, _Tp*>, std::_Deque_iterator<_Tp, _Tp&, _Tp*>) [with _Tp = tf2::TransformStorage][m[K’:
[01m[K/usr/include/c++/8/bits/stl_deque.h:430:18:[m[K [01;36m[Knote: [m[Kparameter passing for argument of type ‘[01m[Kstd::_Deque_iterator<tf2::TransformStorage, const tf2::TransformStorage&, const tf2::TransformStorage*>[m[K’ changed in GCC 7.1
          __result[01;36m[K)[m[K; }
                  [01;36m[K^[m[K
[01m[K/usr/include/c++/8/bits/stl_deque.h:430:18:[m[K [01;36m[Knote: [m[Kparameter passing for argument of type ‘[01m[Kstd::_Deque_iterator<tf2::TransformStorage, const tf2::TransformStorage&, const tf2::TransformStorage*>[m[K’ changed in GCC 7.1
[01m[K/usr/include/c++/8/bits/stl_deque.h:430:18:[m[K [01;36m[Knote: [m[Kparameter passing for argument of type ‘[01m[Kstd::_Deque_iterator<tf2::TransformStorage, const tf2::TransformStorage&, const tf2::TransformStorage*>[m[K’ changed in GCC 7.1
[01m[K/usr/include/c++/8/bits/stl_deque.h:[m[K In function ‘[01m[Kstd::_Deque_iterator<_Tp, _Tp&, _Tp*> std::move_backward(std::_Deque_iterator<_Tp, _Tp&, _Tp*>, std::_Deque_iterator<_Tp, _Tp&, _Tp*>, std::_Deque_iterator<_Tp, _Tp&, _Tp*>) [with _Tp = tf2::TransformStorage][m[K’:
[01m[K/usr/include/c++/8/bits/stl_deque.h:447:13:[m[K [01;36m[Knote: [m[Kparameter passing for argument of type ‘[01m[Kstd::_Deque_iterator<tf2::TransformStorage, const tf2::TransformStorage&, const tf2::TransformStorage*>[m[K’ changed in GCC 7.1
     __result[01;36m[K)[m[K; }
             [01;36m[K^[m[K
[01m[K/usr/include/c++/8/bits/stl_deque.h:447:13:[m[K [01;36m[Knote: [m[Kparameter passing for argument of type ‘[01m[Kstd::_Deque_iterator<tf2::TransformStorage, const tf2::TransformStorage&, const tf2::TransformStorage*>[m[K’ changed in GCC 7.1
[01m[K/usr/include/c++/8/bits/stl_deque.h:447:13:[m[K [01;36m[Knote: [m[Kparameter passing for argument of type ‘[01m[Kstd::_Deque_iterator<tf2::TransformStorage, const tf2::TransformStorage&, const tf2::TransformStorage*>[m[K’ changed in GCC 7.1
In file included from [01m[K/usr/include/c++/8/deque:66[m[K,
                 from [01m[K/home/pi/catkin_ws/src/geometry2/tf2/include/tf2/time_cache.h:37[m[K,
                 from [01m[K/home/pi/catkin_ws/src/geometry2/tf2/src/cache.cpp:32[m[K:
[01m[K/usr/include/c++/8/bits/deque.tcc:[m[K In function ‘[01m[Kstd::_Deque_iterator<_Tp, _Tp&, _Tp*> std::move(std::_Deque_iterator<_Tp, const _Tp&, const _Tp*>, std::_Deque_iterator<_Tp, const _Tp&, const _Tp*>, std::_Deque_iterator<_Tp, _Tp&, _Tp*>) [with _Tp = tf2::TransformStorage][m[K’:
[01m[K/usr/include/c++/8/bits/deque.tcc:1049:5:[m[K [01;36m[Knote: [m[Kparameter passing for argument of type ‘[01m[Kstd::_Deque_iterator<tf2::TransformStorage, const tf2::TransformStorage&, const tf2::TransformStorage*>[m[K’ changed in GCC 7.1
     [01;36m[Kmove[m[K(_Deque_iterator<_Tp, const _Tp&, const _Tp*> __first,
     [01;36m[K^~~~[m[K
[01m[K/usr/include/c++/8/bits/deque.tcc:1049:5:[m[K [01;36m[Knote: [m[Kparameter passing for argument of type ‘[01m[Kstd::_Deque_iterator<tf2::TransformStorage, const tf2::TransformStorage&, const tf2::TransformStorage*>[m[K’ changed in GCC 7.1
[01m[K/usr/include/c++/8/bits/deque.tcc:[m[K In function ‘[01m[Kstd::_Deque_iterator<_Tp, _Tp&, _Tp*> std::move_backward(std::_Deque_iterator<_Tp, const _Tp&, const _Tp*>, std::_Deque_iterator<_Tp, const _Tp&, const _Tp*>, std::_Deque_iterator<_Tp, _Tp&, _Tp*>) [with _Tp = tf2::TransformStorage][m[K’:
[01m[K/usr/include/c++/8/bits/deque.tcc:1072:5:[m[K [01;36m[Knote: [m[Kparameter passing for argument of type ‘[01m[Kstd::_Deque_iterator<tf2::TransformStorage, const tf2::TransformStorage&, const tf2::TransformStorage*>[m[K’ changed in GCC 7.1
     [01;36m[Kmove_backward[m[K(_Deque_iterator<_Tp, const _Tp&, const _Tp*> __first,
     [01;36m[K^~~~~~~~~~~~~[m[K
[01m[K/usr/include/c++/8/bits/deque.tcc:1072:5:[m[K [01;36m[Knote: [m[Kparameter passing for argument of type ‘[01m[Kstd::_Deque_iterator<tf2::TransformStorage, const tf2::TransformStorage&, const tf2::TransformStorage*>[m[K’ changed in GCC 7.1
[01m[K/home/pi/catkin_ws/src/geometry2/tf2/src/buffer_core.cpp:[m[K In member function ‘[01m[Kvoid tf2::BufferCore::removeTransformableCallback(tf2::TransformableCallbackHandle)[m[K’:
[01m[K/home/pi/catkin_ws/src/geometry2/tf2/src/buffer_core.cpp:1264:125:[m[K [01;36m[Knote: [m[Kparameter passing for argument of type ‘[01m[K__gnu_cxx::__normal_iterator<tf2::BufferCore::TransformableRequest*, std::vector<tf2::BufferCore::TransformableRequest> >[m[K’ changed in GCC 7.1
     auto it = std::remove_if(transformable_requests_.begin(), transformable_requests_.end(), RemoveRequestByCallback(handle)[01;36m[K)[m[K;
                                                                                                                             [01;36m[K^[m[K
[01m[K/home/pi/catkin_ws/src/geometry2/tf2/src/buffer_core.cpp:1267:70:[m[K [01;36m[Knote: [m[Kparameter passing for argument of type ‘[01m[Kstd::vector<tf2::BufferCore::TransformableRequest>::const_iterator[m[K’ {aka ‘[01m[K__gnu_cxx::__normal_iterator<const tf2::BufferCore::TransformableRequest*, std::vector<tf2::BufferCore::TransformableRequest> >[m[K’} changed in GCC 7.1
       transformable_requests_.erase(it, transformable_requests_.end()[01;36m[K)[m[K;
                                                                      [01;36m[K^[m[K
[01m[K/home/pi/catkin_ws/src/geometry2/tf2/src/buffer_core.cpp:[m[K In member function ‘[01m[Kvoid tf2::BufferCore::cancelTransformableRequest(tf2::TransformableRequestHandle)[m[K’:
[01m[K/home/pi/catkin_ws/src/geometry2/tf2/src/buffer_core.cpp:1344:117:[m[K [01;36m[Knote: [m[Kparameter passing for argument of type ‘[01m[K__gnu_cxx::__normal_iterator<tf2::BufferCore::TransformableRequest*, std::vector<tf2::BufferCore::TransformableRequest> >[m[K’ changed in GCC 7.1
   auto it = std::remove_if(transformable_requests_.begin(), transformable_requests_.end(), RemoveRequestByID(handle)[01;36m[K)[m[K;
                                                                                                                     [01;36m[K^[m[K
[01m[K/home/pi/catkin_ws/src/geometry2/tf2/src/buffer_core.cpp:1347:68:[m[K [01;36m[Knote: [m[Kparameter passing for argument of type ‘[01m[Kstd::vector<tf2::BufferCore::TransformableRequest>::const_iterator[m[K’ {aka ‘[01m[K__gnu_cxx::__normal_iterator<const tf2::BufferCore::TransformableRequest*, std::vector<tf2::BufferCore::TransformableRequest> >[m[K’} changed in GCC 7.1
     transformable_requests_.erase(it, transformable_requests_.end()[01;36m[K)[m[K;
                                                                    [01;36m[K^[m[K
[01m[K/home/pi/catkin_ws/src/geometry2/tf2/src/buffer_core.cpp:[m[K In member function ‘[01m[Kvoid tf2::BufferCore::testTransformableRequests()[m[K’:
[01m[K/home/pi/catkin_ws/src/geometry2/tf2/src/buffer_core.cpp:1472:70:[m[K [01;36m[Knote: [m[Kparameter passing for argument of type ‘[01m[Kstd::vector<tf2::BufferCore::TransformableRequest>::const_iterator[m[K’ {aka ‘[01m[K__gnu_cxx::__normal_iterator<const tf2::BufferCore::TransformableRequest*, std::vector<tf2::BufferCore::TransformableRequest> >[m[K’} changed in GCC 7.1
       transformable_requests_.erase(transformable_requests_.end() - 1[01;36m[K)[m[K;
                                                                      [01;36m[K^[m[K
In file included from [01m[K/usr/include/c++/8/algorithm:62[m[K,
                 from [01m[K/usr/include/boost/math/tools/config.hpp:18[m[K,
                 from [01m[K/usr/include/boost/math/special_functions/round.hpp:13[m[K,
                 from [01m[K/opt/ros/noetic/include/ros/time.h:58[m[K,
                 from [01m[K/home/pi/catkin_ws/src/geometry2/tf2/include/tf2/transform_storage.h:39[m[K,
                 from [01m[K/home/pi/catkin_ws/src/geometry2/tf2/include/tf2/buffer_core.h:35[m[K,
                 from [01m[K/home/pi/catkin_ws/src/geometry2/tf2/src/buffer_core.cpp:32[m[K:
[01m[K/usr/include/c++/8/bits/stl_algo.h:[m[K In function ‘[01m[K_FIter std::remove_if(_FIter, _FIter, _Predicate) [with _FIter = __gnu_cxx::__normal_iterator<tf2::BufferCore::TransformableRequest*, std::vector<tf2::BufferCore::TransformableRequest> >; _Predicate = tf2::BufferCore::RemoveRequestByCallback][m[K’:
[01m[K/usr/include/c++/8/bits/stl_algo.h:929:5:[m[K [01;36m[Knote: [m[Kparameter passing for argument of type ‘[01m[K__gnu_cxx::__normal_iterator<tf2::BufferCore::TransformableRequest*, std::vector<tf2::BufferCore::TransformableRequest> >[m[K’ changed in GCC 7.1
     [01;36m[Kremove_if[m[K(_ForwardIterator __first, _ForwardIterator __last,
     [01;36m[K^~~~~~~~~[m[K
[01m[K/usr/include/c++/8/bits/stl_algo.h:929:5:[m[K [01;36m[Knote: [m[Kparameter passing for argument of type ‘[01m[K__gnu_cxx::__normal_iterator<tf2::BufferCore::TransformableRequest*, std::vector<tf2::BufferCore::TransformableRequest> >[m[K’ changed in GCC 7.1
[01m[K/usr/include/c++/8/bits/stl_algo.h:939:30:[m[K [01;36m[Knote: [m[Kparameter passing for argument of type ‘[01m[K__gnu_cxx::__normal_iterator<tf2::BufferCore::TransformableRequest*, std::vector<tf2::BufferCore::TransformableRequest> >[m[K’ changed in GCC 7.1
       return [01;36m[Kstd::__remove_if(__first, __last,[m[K
              [01;36m[K~~~~~~~~~~~~~~~~^~~~~~~~~~~~~~~~~[m[K
 [01;36m[K         __gnu_cxx::__ops::__pred_iter(__pred))[m[K;
          [01;36m[K~~~~~~~~~~~~~~~~~~~~~~~~~~~~~~~~~~~~~~[m[K
In file included from [01m[K/usr/include/c++/8/vector:64[m[K,
                 from [01m[K/usr/include/boost/math/special_functions/math_fwd.hpp:26[m[K,
                 from [01m[K/usr/include/boost/math/special_functions/round.hpp:15[m[K,
                 from [01m[K/opt/ros/noetic/include/ros/time.h:58[m[K,
                 from [01m[K/home/pi/catkin_ws/src/geometry2/tf2/include/tf2/transform_storage.h:39[m[K,
                 from [01m[K/home/pi/catkin_ws/src/geometry2/tf2/include/tf2/buffer_core.h:35[m[K,
                 from [01m[K/home/pi/catkin_ws/src/geometry2/tf2/src/buffer_core.cpp:32[m[K:
[01m[K/usr/include/c++/8/bits/stl_vector.h:[m[K In member function ‘[01m[Kstd::vector<_Tp, _Alloc>::iterator std::vector<_Tp, _Alloc>::erase(std::vector<_Tp, _Alloc>::const_iterator, std::vector<_Tp, _Alloc>::const_iterator) [with _Tp = tf2::BufferCore::TransformableRequest; _Alloc = std::allocator<tf2::BufferCore::TransformableRequest>][m[K’:
[01m[K/usr/include/c++/8/bits/stl_vector.h:1344:7:[m[K [01;36m[Knote: [m[Kparameter passing for argument of type ‘[01m[Kstd::vector<tf2::BufferCore::TransformableRequest>::const_iterator[m[K’ {aka ‘[01m[K__gnu_cxx::__normal_iterator<const tf2::BufferCore::TransformableRequest*, std::vector<tf2::BufferCore::TransformableRequest> >[m[K’} changed in GCC 7.1
       [01;36m[Kerase[m[K(const_iterator __first, const_iterator __last)
       [01;36m[K^~~~~[m[K
[01m[K/usr/include/c++/8/bits/stl_vector.h:1344:7:[m[K [01;36m[Knote: [m[Kparameter passing for argument of type ‘[01m[Kstd::vector<tf2::BufferCore::TransformableRequest>::const_iterator[m[K’ {aka ‘[01m[K__gnu_cxx::__normal_iterator<const tf2::BufferCore::TransformableRequest*, std::vector<tf2::BufferCore::TransformableRequest> >[m[K’} changed in GCC 7.1
[01m[K/usr/include/c++/8/bits/stl_vector.h:1348:71:[m[K [01;36m[Knote: [m[Kparameter passing for argument of type ‘[01m[K__gnu_cxx::__normal_iterator<tf2::BufferCore::TransformableRequest*, std::vector<tf2::BufferCore::TransformableRequest> >[m[K’ changed in GCC 7.1
  return _M_erase(__beg + (__first - __cbeg), __beg + (__last - __cbeg)[01;36m[K)[m[K;
                                                                       [01;36m[K^[m[K
[01m[K/usr/include/c++/8/bits/stl_vector.h:[m[K In member function ‘[01m[Kvoid std::vector<_Tp, _Alloc>::push_back(const value_type&) [with _Tp = tf2::BufferCore::TransformableRequest; _Alloc = std::allocator<tf2::BufferCore::TransformableRequest>][m[K’:
[01m[K/usr/include/c++/8/bits/stl_vector.h:1085:4:[m[K [01;36m[Knote: [m[Kparameter passing for argument of type ‘[01m[K__gnu_cxx::__normal_iterator<tf2::BufferCore::TransformableRequest*, std::vector<tf2::BufferCore::TransformableRequest> >[m[K’ changed in GCC 7.1
    [01;36m[K_M_realloc_insert[m[K(end(), __x);
    [01;36m[K^~~~~~~~~~~~~~~~~[m[K
In file included from [01m[K/usr/include/c++/8/algorithm:62[m[K,
                 from [01m[K/usr/include/boost/math/tools/config.hpp:18[m[K,
                 from [01m[K/usr/include/boost/math/special_functions/round.hpp:13[m[K,
                 from [01m[K/opt/ros/noetic/include/ros/time.h:58[m[K,
                 from [01m[K/home/pi/catkin_ws/src/geometry2/tf2/include/tf2/transform_storage.h:39[m[K,
                 from [01m[K/home/pi/catkin_ws/src/geometry2/tf2/include/tf2/buffer_core.h:35[m[K,
                 from [01m[K/home/pi/catkin_ws/src/geometry2/tf2/src/buffer_core.cpp:32[m[K:
[01m[K/usr/include/c++/8/bits/stl_algo.h:[m[K In function ‘[01m[K_FIter std::remove_if(_FIter, _FIter, _Predicate) [with _FIter = __gnu_cxx::__normal_iterator<tf2::BufferCore::TransformableRequest*, std::vector<tf2::BufferCore::TransformableRequest> >; _Predicate = tf2::BufferCore::RemoveRequestByID][m[K’:
[01m[K/usr/include/c++/8/bits/stl_algo.h:929:5:[m[K [01;36m[Knote: [m[Kparameter passing for argument of type ‘[01m[K__gnu_cxx::__normal_iterator<tf2::BufferCore::TransformableRequest*, std::vector<tf2::BufferCore::TransformableRequest> >[m[K’ changed in GCC 7.1
     [01;36m[Kremove_if[m[K(_ForwardIterator __first, _ForwardIterator __last,
     [01;36m[K^~~~~~~~~[m[K
[01m[K/usr/include/c++/8/bits/stl_algo.h:929:5:[m[K [01;36m[Knote: [m[Kparameter passing for argument of type ‘[01m[K__gnu_cxx::__normal_iterator<tf2::BufferCore::TransformableRequest*, std::vector<tf2::BufferCore::TransformableRequest> >[m[K’ changed in GCC 7.1
[01m[K/usr/include/c++/8/bits/stl_algo.h:939:30:[m[K [01;36m[Knote: [m[Kparameter passing for argument of type ‘[01m[K__gnu_cxx::__normal_iterator<tf2::BufferCore::TransformableRequest*, std::vector<tf2::BufferCore::TransformableRequest> >[m[K’ changed in GCC 7.1
       return [01;36m[Kstd::__remove_if(__first, __last,[m[K
              [01;36m[K~~~~~~~~~~~~~~~~^~~~~~~~~~~~~~~~~[m[K
 [01;36m[K         __gnu_cxx::__ops::__pred_iter(__pred))[m[K;
          [01;36m[K~~~~~~~~~~~~~~~~~~~~~~~~~~~~~~~~~~~~~~[m[K
In file included from [01m[K/usr/include/c++/8/vector:64[m[K,
                 from [01m[K/usr/include/boost/math/special_functions/math_fwd.hpp:26[m[K,
                 from [01m[K/usr/include/boost/math/special_functions/round.hpp:15[m[K,
                 from [01m[K/opt/ros/noetic/include/ros/time.h:58[m[K,
                 from [01m[K/home/pi/catkin_ws/src/geometry2/tf2/include/tf2/transform_storage.h:39[m[K,
                 from [01m[K/home/pi/catkin_ws/src/geometry2/tf2/include/tf2/buffer_core.h:35[m[K,
                 from [01m[K/home/pi/catkin_ws/src/geometry2/tf2/src/buffer_core.cpp:32[m[K:
[01m[K/usr/include/c++/8/bits/stl_vector.h:[m[K In member function ‘[01m[Kstd::vector<_Tp, _Alloc>::iterator std::vector<_Tp, _Alloc>::erase(std::vector<_Tp, _Alloc>::const_iterator) [with _Tp = tf2::BufferCore::TransformableRequest; _Alloc = std::allocator<tf2::BufferCore::TransformableRequest>][m[K’:
[01m[K/usr/include/c++/8/bits/stl_vector.h:1317:7:[m[K [01;36m[Knote: [m[Kparameter passing for argument of type ‘[01m[Kstd::vector<tf2::BufferCore::TransformableRequest>::const_iterator[m[K’ {aka ‘[01m[K__gnu_cxx::__normal_iterator<const tf2::BufferCore::TransformableRequest*, std::vector<tf2::BufferCore::TransformableRequest> >[m[K’} changed in GCC 7.1
       [01;36m[Kerase[m[K(const_iterator __position)
       [01;36m[K^~~~~[m[K
[01m[K/usr/include/c++/8/bits/stl_vector.h:1318:58:[m[K [01;36m[Knote: [m[Kparameter passing for argument of type ‘[01m[K__gnu_cxx::__normal_iterator<tf2::BufferCore::TransformableRequest*, std::vector<tf2::BufferCore::TransformableRequest> >[m[K’ changed in GCC 7.1
       { return _M_erase(begin() + (__position - cbegin())[01;36m[K)[m[K; }
                                                          [01;36m[K^[m[K
In file included from [01m[K/usr/include/c++/8/algorithm:62[m[K,
                 from [01m[K/usr/include/boost/math/tools/config.hpp:18[m[K,
                 from [01m[K/usr/include/boost/math/special_functions/round.hpp:13[m[K,
                 from [01m[K/opt/ros/noetic/include/ros/time.h:58[m[K,
                 from [01m[K/home/pi/catkin_ws/src/geometry2/tf2/include/tf2/transform_storage.h:39[m[K,
                 from [01m[K/home/pi/catkin_ws/src/geometry2/tf2/include/tf2/buffer_core.h:35[m[K,
                 from [01m[K/home/pi/catkin_ws/src/geometry2/tf2/src/buffer_core.cpp:32[m[K:
[01m[K/usr/include/c++/8/bits/stl_algo.h:[m[K In function ‘[01m[K_ForwardIterator std::__remove_if(_ForwardIterator, _ForwardIterator, _Predicate) [with _ForwardIterator = __gnu_cxx::__normal_iterator<tf2::BufferCore::TransformableRequest*, std::vector<tf2::BufferCore::TransformableRequest> >; _Predicate = __gnu_cxx::__ops::_Iter_pred<tf2::BufferCore::RemoveRequestByCallback>][m[K’:
[01m[K/usr/include/c++/8/bits/stl_algo.h:860:5:[m[K [01;36m[Knote: [m[Kparameter passing for argument of type ‘[01m[K__gnu_cxx::__normal_iterator<tf2::BufferCore::TransformableRequest*, std::vector<tf2::BufferCore::TransformableRequest> >[m[K’ changed in GCC 7.1
     [01;36m[K__remove_if[m[K(_ForwardIterator __first, _ForwardIterator __last,
     [01;36m[K^~~~~~~~~~~[m[K
[01m[K/usr/include/c++/8/bits/stl_algo.h:860:5:[m[K [01;36m[Knote: [m[Kparameter passing for argument of type ‘[01m[K__gnu_cxx::__normal_iterator<tf2::BufferCore::TransformableRequest*, std::vector<tf2::BufferCore::TransformableRequest> >[m[K’ changed in GCC 7.1
[01m[K/usr/include/c++/8/bits/stl_algo.h:863:31:[m[K [01;36m[Knote: [m[Kparameter passing for argument of type ‘[01m[K__gnu_cxx::__normal_iterator<tf2::BufferCore::TransformableRequest*, std::vector<tf2::BufferCore::TransformableRequest> >[m[K’ changed in GCC 7.1
       __first = [01;36m[Kstd::__find_if(__first, __last, __pred)[m[K;
                 [01;36m[K~~~~~~~~~~~~~~^~~~~~~~~~~~~~~~~~~~~~~~~[m[K
[01m[K/usr/include/c++/8/bits/stl_algo.h:869:13:[m[K [01;36m[Knote: [m[Kparameter passing for argument of type ‘[01m[K__gnu_cxx::__normal_iterator<tf2::BufferCore::TransformableRequest*, std::vector<tf2::BufferCore::TransformableRequest> >[m[K’ changed in GCC 7.1
  if (![01;36m[K__pred(__first)[m[K)
       [01;36m[K~~~~~~^~~~~~~~~[m[K
In file included from [01m[K/usr/include/c++/8/vector:69[m[K,
                 from [01m[K/usr/include/boost/math/special_functions/math_fwd.hpp:26[m[K,
                 from [01m[K/usr/include/boost/math/special_functions/round.hpp:15[m[K,
                 from [01m[K/opt/ros/noetic/include/ros/time.h:58[m[K,
                 from [01m[K/home/pi/catkin_ws/src/geometry2/tf2/include/tf2/transform_storage.h:39[m[K,
                 from [01m[K/home/pi/catkin_ws/src/geometry2/tf2/include/tf2/buffer_core.h:35[m[K,
                 from [01m[K/home/pi/catkin_ws/src/geometry2/tf2/src/buffer_core.cpp:32[m[K:
[01m[K/usr/include/c++/8/bits/vector.tcc:[m[K In member function ‘[01m[Kstd::vector<_Tp, _Alloc>::iterator std::vector<_Tp, _Alloc>::_M_erase(std::vector<_Tp, _Alloc>::iterator, std::vector<_Tp, _Alloc>::iterator) [with _Tp = tf2::BufferCore::TransformableRequest; _Alloc = std::allocator<tf2::BufferCore::TransformableRequest>][m[K’:
[01m[K/usr/include/c++/8/bits/vector.tcc:172:5:[m[K [01;36m[Knote: [m[Kparameter passing for argument of type ‘[01m[Kstd::vector<tf2::BufferCore::TransformableRequest>::iterator[m[K’ {aka ‘[01m[K__gnu_cxx::__normal_iterator<tf2::BufferCore::TransformableRequest*, std::vector<tf2::BufferCore::TransformableRequest> >[m[K’} changed in GCC 7.1
     [01;36m[Kvector<_Tp, _Alloc>[m[K::
     [01;36m[K^~~~~~~~~~~~~~~~~~~[m[K
[01m[K/usr/include/c++/8/bits/vector.tcc:172:5:[m[K [01;36m[Knote: [m[Kparameter passing for argument of type ‘[01m[Kstd::vector<tf2::BufferCore::TransformableRequest>::iterator[m[K’ {aka ‘[01m[K__gnu_cxx::__normal_iterator<tf2::BufferCore::TransformableRequest*, std::vector<tf2::BufferCore::TransformableRequest> >[m[K’} changed in GCC 7.1
In file included from [01m[K/usr/include/c++/8/bits/char_traits.h:39[m[K,
                 from [01m[K/usr/include/c++/8/string:40[m[K,
                 from [01m[K/opt/ros/noetic/include/ros/platform.h:38[m[K,
                 from [01m[K/opt/ros/noetic/include/ros/time.h:53[m[K,
                 from [01m[K/home/pi/catkin_ws/src/geometry2/tf2/include/tf2/transform_storage.h:39[m[K,
                 from [01m[K/home/pi/catkin_ws/src/geometry2/tf2/include/tf2/buffer_core.h:35[m[K,
                 from [01m[K/home/pi/catkin_ws/src/geometry2/tf2/src/buffer_core.cpp:32[m[K:
[01m[K/usr/include/c++/8/bits/vector.tcc:178:6:[m[K [01;36m[Knote: [m[Kparameter passing for argument of type ‘[01m[K__gnu_cxx::__normal_iterator<tf2::BufferCore::TransformableRequest*, std::vector<tf2::BufferCore::TransformableRequest> >[m[K’ changed in GCC 7.1
      [01;36m[K_GLIBCXX_MOVE3[m[K(__last, end(), __first);
      [01;36m[K^~~~~~~~~~~~~~[m[K
In file included from [01m[K/usr/include/c++/8/vector:69[m[K,
                 from [01m[K/usr/include/boost/math/special_functions/math_fwd.hpp:26[m[K,
                 from [01m[K/usr/include/boost/math/special_functions/round.hpp:15[m[K,
                 from [01m[K/opt/ros/noetic/include/ros/time.h:58[m[K,
                 from [01m[K/home/pi/catkin_ws/src/geometry2/tf2/include/tf2/transform_storage.h:39[m[K,
                 from [01m[K/home/pi/catkin_ws/src/geometry2/tf2/include/tf2/buffer_core.h:35[m[K,
                 from [01m[K/home/pi/catkin_ws/src/geometry2/tf2/src/buffer_core.cpp:32[m[K:
[01m[K/usr/include/c++/8/bits/vector.tcc:[m[K In member function ‘[01m[Kvoid std::vector<_Tp, _Alloc>::_M_realloc_insert(std::vector<_Tp, _Alloc>::iterator, _Args&& ...) [with _Args = {const tf2::BufferCore::TransformableRequest&}; _Tp = tf2::BufferCore::TransformableRequest; _Alloc = std::allocator<tf2::BufferCore::TransformableRequest>][m[K’:
[01m[K/usr/include/c++/8/bits/vector.tcc:413:7:[m[K [01;36m[Knote: [m[Kparameter passing for argument of type ‘[01m[Kstd::vector<tf2::BufferCore::TransformableRequest>::iterator[m[K’ {aka ‘[01m[K__gnu_cxx::__normal_iterator<tf2::BufferCore::TransformableRequest*, std::vector<tf2::BufferCore::TransformableRequest> >[m[K’} changed in GCC 7.1
       [01;36m[Kvector<_Tp, _Alloc>[m[K::
       [01;36m[K^~~~~~~~~~~~~~~~~~~[m[K
In file included from [01m[K/usr/include/c++/8/algorithm:62[m[K,
                 from [01m[K/usr/include/boost/math/tools/config.hpp:18[m[K,
                 from [01m[K/usr/include/boost/math/special_functions/round.hpp:13[m[K,
                 from [01m[K/opt/ros/noetic/include/ros/time.h:58[m[K,
                 from [01m[K/home/pi/catkin_ws/src/geometry2/tf2/include/tf2/transform_storage.h:39[m[K,
                 from [01m[K/home/pi/catkin_ws/src/geometry2/tf2/include/tf2/buffer_core.h:35[m[K,
                 from [01m[K/home/pi/catkin_ws/src/geometry2/tf2/src/buffer_core.cpp:32[m[K:
[01m[K/usr/include/c++/8/bits/stl_algo.h:[m[K In function ‘[01m[K_ForwardIterator std::__remove_if(_ForwardIterator, _ForwardIterator, _Predicate) [with _ForwardIterator = __gnu_cxx::__normal_iterator<tf2::BufferCore::TransformableRequest*, std::vector<tf2::BufferCore::TransformableRequest> >; _Predicate = __gnu_cxx::__ops::_Iter_pred<tf2::BufferCore::RemoveRequestByID>][m[K’:
[01m[K/usr/include/c++/8/bits/stl_algo.h:860:5:[m[K [01;36m[Knote: [m[Kparameter passing for argument of type ‘[01m[K__gnu_cxx::__normal_iterator<tf2::BufferCore::TransformableRequest*, std::vector<tf2::BufferCore::TransformableRequest> >[m[K’ changed in GCC 7.1
     [01;36m[K__remove_if[m[K(_ForwardIterator __first, _ForwardIterator __last,
     [01;36m[K^~~~~~~~~~~[m[K
[01m[K/usr/include/c++/8/bits/stl_algo.h:860:5:[m[K [01;36m[Knote: [m[Kparameter passing for argument of type ‘[01m[K__gnu_cxx::__normal_iterator<tf2::BufferCore::TransformableRequest*, std::vector<tf2::BufferCore::TransformableRequest> >[m[K’ changed in GCC 7.1
[01m[K/usr/include/c++/8/bits/stl_algo.h:863:31:[m[K [01;36m[Knote: [m[Kparameter passing for argument of type ‘[01m[K__gnu_cxx::__normal_iterator<tf2::BufferCore::TransformableRequest*, std::vector<tf2::BufferCore::TransformableRequest> >[m[K’ changed in GCC 7.1
       __first = [01;36m[Kstd::__find_if(__first, __last, __pred)[m[K;
                 [01;36m[K~~~~~~~~~~~~~~^~~~~~~~~~~~~~~~~~~~~~~~~[m[K
[01m[K/usr/include/c++/8/bits/stl_algo.h:869:13:[m[K [01;36m[Knote: [m[Kparameter passing for argument of type ‘[01m[K__gnu_cxx::__normal_iterator<tf2::BufferCore::TransformableRequest*, std::vector<tf2::BufferCore::TransformableRequest> >[m[K’ changed in GCC 7.1
  if (![01;36m[K__pred(__first)[m[K)
       [01;36m[K~~~~~~^~~~~~~~~[m[K
In file included from [01m[K/usr/include/c++/8/vector:69[m[K,
                 from [01m[K/usr/include/boost/math/special_functions/math_fwd.hpp:26[m[K,
                 from [01m[K/usr/include/boost/math/special_functions/round.hpp:15[m[K,
                 from [01m[K/opt/ros/noetic/include/ros/time.h:58[m[K,
                 from [01m[K/home/pi/catkin_ws/src/geometry2/tf2/include/tf2/transform_storage.h:39[m[K,
                 from [01m[K/home/pi/catkin_ws/src/geometry2/tf2/include/tf2/buffer_core.h:35[m[K,
                 from [01m[K/home/pi/catkin_ws/src/geometry2/tf2/src/buffer_core.cpp:32[m[K:
[01m[K/usr/include/c++/8/bits/vector.tcc:[m[K In member function ‘[01m[Kvoid std::vector<_Tp, _Alloc>::emplace_back(_Args&& ...) [with _Args = {boost::tuples::tuple<boost::function<void(long long unsigned int, const std::__cxx11::basic_string<char, std::char_traits<char>, std::allocator<char> >&, const std::__cxx11::basic_string<char, std::char_traits<char>, std::allocator<char> >&, ros::Time, tf2::TransformableResult)>&, long long unsigned int, std::__cxx11::basic_string<char, std::char_traits<char>, std::allocator<char> >, std::__cxx11::basic_string<char, std::char_traits<char>, std::allocator<char> >, ros::Time&, tf2::TransformableResult&, boost::tuples::null_type, boost::tuples::null_type, boost::tuples::null_type, boost::tuples::null_type>}; _Tp = boost::tuples::tuple<boost::function<void(long long unsigned int, const std::__cxx11::basic_string<char>&, const std::__cxx11::basic_string<char>&, ros::Time, tf2::TransformableResult)>&, long long unsigned int, std::__cxx11::basic_string<char>, std::__cxx11::basic_string<char>, ros::Time&, tf2::TransformableResult&>; _Alloc = std::allocator<boost::tuples::tuple<boost::function<void(long long unsigned int, const std::__cxx11::basic_string<char>&, const std::__cxx11::basic_string<char>&, ros::Time, tf2::TransformableResult)>&, long long unsigned int, std::__cxx11::basic_string<char>, std::__cxx11::basic_string<char>, ros::Time&, tf2::TransformableResult&> >][m[K’:
[01m[K/usr/include/c++/8/bits/vector.tcc:109:4:[m[K [01;36m[Knote: [m[Kparameter passing for argument of type ‘[01m[K__gnu_cxx::__normal_iterator<boost::tuples::tuple<boost::function<void(long long unsigned int, const std::__cxx11::basic_string<char>&, const std::__cxx11::basic_string<char>&, ros::Time, tf2::TransformableResult)>&, long long unsigned int, std::__cxx11::basic_string<char>, std::__cxx11::basic_string<char>, ros::Time&, tf2::TransformableResult&>*, std::vector<boost::tuples::tuple<boost::function<void(long long unsigned int, const std::__cxx11::basic_string<char>&, const std::__cxx11::basic_string<char>&, ros::Time, tf2::TransformableResult)>&, long long unsigned int, std::__cxx11::basic_string<char>, std::__cxx11::basic_string<char>, ros::Time&, tf2::TransformableResult&> > >[m[K’ changed in GCC 7.1
    [01;36m[K_M_realloc_insert[m[K(end(), std::forward<_Args>(__args)...);
    [01;36m[K^~~~~~~~~~~~~~~~~[m[K
[01m[K/usr/include/c++/8/bits/vector.tcc:[m[K In member function ‘[01m[Kstd::vector<_Tp, _Alloc>::iterator std::vector<_Tp, _Alloc>::_M_erase(std::vector<_Tp, _Alloc>::iterator) [with _Tp = tf2::BufferCore::TransformableRequest; _Alloc = std::allocator<tf2::BufferCore::TransformableRequest>][m[K’:
[01m[K/usr/include/c++/8/bits/vector.tcc:159:5:[m[K [01;36m[Knote: [m[Kparameter passing for argument of type ‘[01m[Kstd::vector<tf2::BufferCore::TransformableRequest>::iterator[m[K’ {aka ‘[01m[K__gnu_cxx::__normal_iterator<tf2::BufferCore::TransformableRequest*, std::vector<tf2::BufferCore::TransformableRequest> >[m[K’} changed in GCC 7.1
     [01;36m[Kvector<_Tp, _Alloc>[m[K::
     [01;36m[K^~~~~~~~~~~~~~~~~~~[m[K
In file included from [01m[K/usr/include/c++/8/bits/char_traits.h:39[m[K,
                 from [01m[K/usr/include/c++/8/string:40[m[K,
                 from [01m[K/opt/ros/noetic/include/ros/platform.h:38[m[K,
                 from [01m[K/opt/ros/noetic/include/ros/time.h:53[m[K,
                 from [01m[K/home/pi/catkin_ws/src/geometry2/tf2/include/tf2/transform_storage.h:39[m[K,
                 from [01m[K/home/pi/catkin_ws/src/geometry2/tf2/include/tf2/buffer_core.h:35[m[K,
                 from [01m[K/home/pi/catkin_ws/src/geometry2/tf2/src/buffer_core.cpp:32[m[K:
[01m[K/usr/include/c++/8/bits/vector.tcc:163:2:[m[K [01;36m[Knote: [m[Kparameter passing for argument of type ‘[01m[K__gnu_cxx::__normal_iterator<tf2::BufferCore::TransformableRequest*, std::vector<tf2::BufferCore::TransformableRequest> >[m[K’ changed in GCC 7.1
  [01;36m[K_GLIBCXX_MOVE3[m[K(__position + 1, end(), __position);
  [01;36m[K^~~~~~~~~~~~~~[m[K
In file included from [01m[K/usr/include/c++/8/algorithm:62[m[K,
                 from [01m[K/usr/include/boost/math/tools/config.hpp:18[m[K,
                 from [01m[K/usr/include/boost/math/special_functions/round.hpp:13[m[K,
                 from [01m[K/opt/ros/noetic/include/ros/time.h:58[m[K,
                 from [01m[K/home/pi/catkin_ws/src/geometry2/tf2/include/tf2/transform_storage.h:39[m[K,
                 from [01m[K/home/pi/catkin_ws/src/geometry2/tf2/include/tf2/buffer_core.h:35[m[K,
                 from [01m[K/home/pi/catkin_ws/src/geometry2/tf2/src/buffer_core.cpp:32[m[K:
[01m[K/usr/include/c++/8/bits/stl_algo.h:[m[K In function ‘[01m[K_Iterator std::__find_if(_Iterator, _Iterator, _Predicate) [with _Iterator = __gnu_cxx::__normal_iterator<tf2::BufferCore::TransformableRequest*, std::vector<tf2::BufferCore::TransformableRequest> >; _Predicate = __gnu_cxx::__ops::_Iter_pred<tf2::BufferCore::RemoveRequestByCallback>][m[K’:
[01m[K/usr/include/c++/8/bits/stl_algo.h:159:5:[m[K [01;36m[Knote: [m[Kparameter passing for argument of type ‘[01m[K__gnu_cxx::__normal_iterator<tf2::BufferCore::TransformableRequest*, std::vector<tf2::BufferCore::TransformableRequest> >[m[K’ changed in GCC 7.1
     [01;36m[K__find_if[m[K(_Iterator __first, _Iterator __last, _Predicate __pred)
     [01;36m[K^~~~~~~~~[m[K
[01m[K/usr/include/c++/8/bits/stl_algo.h:159:5:[m[K [01;36m[Knote: [m[Kparameter passing for argument of type ‘[01m[K__gnu_cxx::__normal_iterator<tf2::BufferCore::TransformableRequest*, std::vector<tf2::BufferCore::TransformableRequest> >[m[K’ changed in GCC 7.1
[01m[K/usr/include/c++/8/bits/stl_algo.h:161:23:[m[K [01;36m[Knote: [m[Kparameter passing for argument of type ‘[01m[K__gnu_cxx::__normal_iterator<tf2::BufferCore::TransformableRequest*, std::vector<tf2::BufferCore::TransformableRequest> >[m[K’ changed in GCC 7.1
       return [01;36m[K__find_if(__first, __last, __pred,[m[K
              [01;36m[K~~~~~~~~~^~~~~~~~~~~~~~~~~~~~~~~~~[m[K
 [01;36m[K         std::__iterator_category(__first))[m[K;
          [01;36m[K~~~~~~~~~~~~~~~~~~~~~~~~~~~~~~~~~~[m[K
In file included from [01m[K/usr/include/c++/8/bits/stl_algobase.h:71[m[K,
                 from [01m[K/usr/include/c++/8/bits/char_traits.h:39[m[K,
                 from [01m[K/usr/include/c++/8/string:40[m[K,
                 from [01m[K/opt/ros/noetic/include/ros/platform.h:38[m[K,
                 from [01m[K/opt/ros/noetic/include/ros/time.h:53[m[K,
                 from [01m[K/home/pi/catkin_ws/src/geometry2/tf2/include/tf2/transform_storage.h:39[m[K,
                 from [01m[K/home/pi/catkin_ws/src/geometry2/tf2/include/tf2/buffer_core.h:35[m[K,
                 from [01m[K/home/pi/catkin_ws/src/geometry2/tf2/src/buffer_core.cpp:32[m[K:
[01m[K/usr/include/c++/8/bits/predefined_ops.h:[m[K In member function ‘[01m[Kbool __gnu_cxx::__ops::_Iter_pred<_Predicate>::operator()(_Iterator) [with _Iterator = __gnu_cxx::__normal_iterator<tf2::BufferCore::TransformableRequest*, std::vector<tf2::BufferCore::TransformableRequest> >; _Predicate = tf2::BufferCore::RemoveRequestByCallback][m[K’:
[01m[K/usr/include/c++/8/bits/predefined_ops.h:282:2:[m[K [01;36m[Knote: [m[Kparameter passing for argument of type ‘[01m[K__gnu_cxx::__normal_iterator<tf2::BufferCore::TransformableRequest*, std::vector<tf2::BufferCore::TransformableRequest> >[m[K’ changed in GCC 7.1
  [01;36m[Koperator[m[K()(_Iterator __it)
  [01;36m[K^~~~~~~~[m[K
In file included from [01m[K/usr/include/c++/8/bits/char_traits.h:39[m[K,
                 from [01m[K/usr/include/c++/8/string:40[m[K,
                 from [01m[K/opt/ros/noetic/include/ros/platform.h:38[m[K,
                 from [01m[K/opt/ros/noetic/include/ros/time.h:53[m[K,
                 from [01m[K/home/pi/catkin_ws/src/geometry2/tf2/include/tf2/transform_storage.h:39[m[K,
                 from [01m[K/home/pi/catkin_ws/src/geometry2/tf2/include/tf2/buffer_core.h:35[m[K,
                 from [01m[K/home/pi/catkin_ws/src/geometry2/tf2/src/buffer_core.cpp:32[m[K:
[01m[K/usr/include/c++/8/bits/stl_algobase.h:[m[K In function ‘[01m[K_OI std::move(_II, _II, _OI) [with _II = __gnu_cxx::__normal_iterator<tf2::BufferCore::TransformableRequest*, std::vector<tf2::BufferCore::TransformableRequest> >; _OI = __gnu_cxx::__normal_iterator<tf2::BufferCore::TransformableRequest*, std::vector<tf2::BufferCore::TransformableRequest> >][m[K’:
[01m[K/usr/include/c++/8/bits/stl_algobase.h:479:5:[m[K [01;36m[Knote: [m[Kparameter passing for argument of type ‘[01m[K__gnu_cxx::__normal_iterator<tf2::BufferCore::TransformableRequest*, std::vector<tf2::BufferCore::TransformableRequest> >[m[K’ changed in GCC 7.1
     [01;36m[Kmove[m[K(_II __first, _II __last, _OI __result)
     [01;36m[K^~~~[m[K
[01m[K/usr/include/c++/8/bits/stl_algobase.h:479:5:[m[K [01;36m[Knote: [m[Kparameter passing for argument of type ‘[01m[K__gnu_cxx::__normal_iterator<tf2::BufferCore::TransformableRequest*, std::vector<tf2::BufferCore::TransformableRequest> >[m[K’ changed in GCC 7.1
[01m[K/usr/include/c++/8/bits/stl_algobase.h:479:5:[m[K [01;36m[Knote: [m[Kparameter passing for argument of type ‘[01m[K__gnu_cxx::__normal_iterator<tf2::BufferCore::TransformableRequest*, std::vector<tf2::BufferCore::TransformableRequest> >[m[K’ changed in GCC 7.1
[01m[K/usr/include/c++/8/bits/stl_algobase.h:487:39:[m[K [01;36m[Knote: [m[Kparameter passing for argument of type ‘[01m[K__gnu_cxx::__normal_iterator<tf2::BufferCore::TransformableRequest*, std::vector<tf2::BufferCore::TransformableRequest> >[m[K’ changed in GCC 7.1
       return [01;36m[Kstd::__copy_move_a2<true>(std::__miter_base(__first),[m[K
              [01;36m[K~~~~~~~~~~~~~~~~~~~~~~~~~^~~~~~~~~~~~~~~~~~~~~~~~~~~~[m[K
 [01;36m[K           std::__miter_base(__last), __result)[m[K;
            [01;36m[K~~~~~~~~~~~~~~~~~~~~~~~~~~~~~~~~~~~~[m[K
In file included from [01m[K/usr/include/c++/8/vector:63[m[K,
                 from [01m[K/usr/include/boost/math/special_functions/math_fwd.hpp:26[m[K,
                 from [01m[K/usr/include/boost/math/special_functions/round.hpp:15[m[K,
                 from [01m[K/opt/ros/noetic/include/ros/time.h:58[m[K,
                 from [01m[K/home/pi/catkin_ws/src/geometry2/tf2/include/tf2/transform_storage.h:39[m[K,
                 from [01m[K/home/pi/catkin_ws/src/geometry2/tf2/include/tf2/buffer_core.h:35[m[K,
                 from [01m[K/home/pi/catkin_ws/src/geometry2/tf2/src/buffer_core.cpp:32[m[K:
[01m[K/usr/include/c++/8/bits/stl_uninitialized.h:[m[K In function ‘[01m[K_ForwardIterator std::__uninitialized_move_if_noexcept_a(_InputIterator, _InputIterator, _ForwardIterator, _Allocator&) [with _InputIterator = tf2::BufferCore::TransformableRequest*; _ForwardIterator = tf2::BufferCore::TransformableRequest*; _Allocator = std::allocator<tf2::BufferCore::TransformableRequest>][m[K’:
[01m[K/usr/include/c++/8/bits/stl_uninitialized.h:311:2:[m[K [01;36m[Knote: [m[Kparameter passing for argument of type ‘[01m[Kstd::move_iterator<tf2::BufferCore::TransformableRequest*>[m[K’ changed in GCC 7.1
       return [01;36m[Kstd::__uninitialized_copy_a[m[K
              [01;36m[K~~~~~~~~~~~~~~~~~~~~~~~~~~~[m[K
 [01;36m[K (_GLIBCXX_MAKE_MOVE_IF_NOEXCEPT_ITERATOR(__first),[m[K
  [01;36m[K^~~~~~~~~~~~~~~~~~~~~~~~~~~~~~~~~~~~~~~~~~~~~~~~~~[m[K
 [01;36m[K  _GLIBCXX_MAKE_MOVE_IF_NOEXCEPT_ITERATOR(__last), __result, __alloc)[m[K;
   [01;36m[K~~~~~~~~~~~~~~~~~~~~~~~~~~~~~~~~~~~~~~~~~~~~~~~~~~~~~~~~~~~~~~~~~~~[m[K
In file included from [01m[K/usr/include/c++/8/algorithm:62[m[K,
                 from [01m[K/usr/include/boost/math/tools/config.hpp:18[m[K,
                 from [01m[K/usr/include/boost/math/special_functions/round.hpp:13[m[K,
                 from [01m[K/opt/ros/noetic/include/ros/time.h:58[m[K,
                 from [01m[K/home/pi/catkin_ws/src/geometry2/tf2/include/tf2/transform_storage.h:39[m[K,
                 from [01m[K/home/pi/catkin_ws/src/geometry2/tf2/include/tf2/buffer_core.h:35[m[K,
                 from [01m[K/home/pi/catkin_ws/src/geometry2/tf2/src/buffer_core.cpp:32[m[K:
[01m[K/usr/include/c++/8/bits/stl_algo.h:[m[K In function ‘[01m[K_Iterator std::__find_if(_Iterator, _Iterator, _Predicate) [with _Iterator = __gnu_cxx::__normal_iterator<tf2::BufferCore::TransformableRequest*, std::vector<tf2::BufferCore::TransformableRequest> >; _Predicate = __gnu_cxx::__ops::_Iter_pred<tf2::BufferCore::RemoveRequestByID>][m[K’:
[01m[K/usr/include/c++/8/bits/stl_algo.h:159:5:[m[K [01;36m[Knote: [m[Kparameter passing for argument of type ‘[01m[K__gnu_cxx::__normal_iterator<tf2::BufferCore::TransformableRequest*, std::vector<tf2::BufferCore::TransformableRequest> >[m[K’ changed in GCC 7.1
     [01;36m[K__find_if[m[K(_Iterator __first, _Iterator __last, _Predicate __pred)
     [01;36m[K^~~~~~~~~[m[K
[01m[K/usr/include/c++/8/bits/stl_algo.h:159:5:[m[K [01;36m[Knote: [m[Kparameter passing for argument of type ‘[01m[K__gnu_cxx::__normal_iterator<tf2::BufferCore::TransformableRequest*, std::vector<tf2::BufferCore::TransformableRequest> >[m[K’ changed in GCC 7.1
[01m[K/usr/include/c++/8/bits/stl_algo.h:161:23:[m[K [01;36m[Knote: [m[Kparameter passing for argument of type ‘[01m[K__gnu_cxx::__normal_iterator<tf2::BufferCore::TransformableRequest*, std::vector<tf2::BufferCore::TransformableRequest> >[m[K’ changed in GCC 7.1
       return [01;36m[K__find_if(__first, __last, __pred,[m[K
              [01;36m[K~~~~~~~~~^~~~~~~~~~~~~~~~~~~~~~~~~[m[K
 [01;36m[K         std::__iterator_category(__first))[m[K;
          [01;36m[K~~~~~~~~~~~~~~~~~~~~~~~~~~~~~~~~~~[m[K
In file included from [01m[K/usr/include/c++/8/bits/stl_algobase.h:71[m[K,
                 from [01m[K/usr/include/c++/8/bits/char_traits.h:39[m[K,
                 from [01m[K/usr/include/c++/8/string:40[m[K,
                 from [01m[K/opt/ros/noetic/include/ros/platform.h:38[m[K,
                 from [01m[K/opt/ros/noetic/include/ros/time.h:53[m[K,
                 from [01m[K/home/pi/catkin_ws/src/geometry2/tf2/include/tf2/transform_storage.h:39[m[K,
                 from [01m[K/home/pi/catkin_ws/src/geometry2/tf2/include/tf2/buffer_core.h:35[m[K,
                 from [01m[K/home/pi/catkin_ws/src/geometry2/tf2/src/buffer_core.cpp:32[m[K:
[01m[K/usr/include/c++/8/bits/predefined_ops.h:[m[K In member function ‘[01m[Kbool __gnu_cxx::__ops::_Iter_pred<_Predicate>::operator()(_Iterator) [with _Iterator = __gnu_cxx::__normal_iterator<tf2::BufferCore::TransformableRequest*, std::vector<tf2::BufferCore::TransformableRequest> >; _Predicate = tf2::BufferCore::RemoveRequestByID][m[K’:
[01m[K/usr/include/c++/8/bits/predefined_ops.h:282:2:[m[K [01;36m[Knote: [m[Kparameter passing for argument of type ‘[01m[K__gnu_cxx::__normal_iterator<tf2::BufferCore::TransformableRequest*, std::vector<tf2::BufferCore::TransformableRequest> >[m[K’ changed in GCC 7.1
  [01;36m[Koperator[m[K()(_Iterator __it)
  [01;36m[K^~~~~~~~[m[K
In file included from [01m[K/usr/include/c++/8/vector:69[m[K,
                 from [01m[K/usr/include/boost/math/special_functions/math_fwd.hpp:26[m[K,
                 from [01m[K/usr/include/boost/math/special_functions/round.hpp:15[m[K,
                 from [01m[K/opt/ros/noetic/include/ros/time.h:58[m[K,
                 from [01m[K/home/pi/catkin_ws/src/geometry2/tf2/include/tf2/transform_storage.h:39[m[K,
                 from [01m[K/home/pi/catkin_ws/src/geometry2/tf2/include/tf2/buffer_core.h:35[m[K,
                 from [01m[K/home/pi/catkin_ws/src/geometry2/tf2/src/buffer_core.cpp:32[m[K:
[01m[K/usr/include/c++/8/bits/vector.tcc:[m[K In member function ‘[01m[Kvoid std::vector<_Tp, _Alloc>::_M_realloc_insert(std::vector<_Tp, _Alloc>::iterator, _Args&& ...) [with _Args = {boost::tuples::tuple<boost::function<void(long long unsigned int, const std::__cxx11::basic_string<char, std::char_traits<char>, std::allocator<char> >&, const std::__cxx11::basic_string<char, std::char_traits<char>, std::allocator<char> >&, ros::Time, tf2::TransformableResult)>&, long long unsigned int, std::__cxx11::basic_string<char, std::char_traits<char>, std::allocator<char> >, std::__cxx11::basic_string<char, std::char_traits<char>, std::allocator<char> >, ros::Time&, tf2::TransformableResult&, boost::tuples::null_type, boost::tuples::null_type, boost::tuples::null_type, boost::tuples::null_type>}; _Tp = boost::tuples::tuple<boost::function<void(long long unsigned int, const std::__cxx11::basic_string<char>&, const std::__cxx11::basic_string<char>&, ros::Time, tf2::TransformableResult)>&, long long unsigned int, std::__cxx11::basic_string<char>, std::__cxx11::basic_string<char>, ros::Time&, tf2::TransformableResult&>; _Alloc = std::allocator<boost::tuples::tuple<boost::function<void(long long unsigned int, const std::__cxx11::basic_string<char>&, const std::__cxx11::basic_string<char>&, ros::Time, tf2::TransformableResult)>&, long long unsigned int, std::__cxx11::basic_string<char>, std::__cxx11::basic_string<char>, ros::Time&, tf2::TransformableResult&> >][m[K’:
[01m[K/usr/include/c++/8/bits/vector.tcc:413:7:[m[K [01;36m[Knote: [m[Kparameter passing for argument of type ‘[01m[Kstd::vector<boost::tuples::tuple<boost::function<void(long long unsigned int, const std::__cxx11::basic_string<char>&, const std::__cxx11::basic_string<char>&, ros::Time, tf2::TransformableResult)>&, long long unsigned int, std::__cxx11::basic_string<char>, std::__cxx11::basic_string<char>, ros::Time&, tf2::TransformableResult&> >::iterator[m[K’ {aka ‘[01m[K__gnu_cxx::__normal_iterator<boost::tuples::tuple<boost::function<void(long long unsigned int, const std::__cxx11::basic_string<char>&, const std::__cxx11::basic_string<char>&, ros::Time, tf2::TransformableResult)>&, long long unsigned int, std::__cxx11::basic_string<char>, std::__cxx11::basic_string<char>, ros::Time&, tf2::TransformableResult&>*, std::vector<boost::tuples::tuple<boost::function<void(long long unsigned int, const std::__cxx11::basic_string<char>&, const std::__cxx11::basic_string<char>&, ros::Time, tf2::TransformableResult)>&, long long unsigned int, std::__cxx11::basic_string<char>, std::__cxx11::basic_string<char>, ros::Time&, tf2::TransformableResult&> > >[m[K’} changed in GCC 7.1
       [01;36m[Kvector<_Tp, _Alloc>[m[K::
       [01;36m[K^~~~~~~~~~~~~~~~~~~[m[K
In file included from [01m[K/usr/include/c++/8/algorithm:62[m[K,
                 from [01m[K/usr/include/boost/math/tools/config.hpp:18[m[K,
                 from [01m[K/usr/include/boost/math/special_functions/round.hpp:13[m[K,
                 from [01m[K/opt/ros/noetic/include/ros/time.h:58[m[K,
                 from [01m[K/home/pi/catkin_ws/src/geometry2/tf2/include/tf2/transform_storage.h:39[m[K,
                 from [01m[K/home/pi/catkin_ws/src/geometry2/tf2/include/tf2/buffer_core.h:35[m[K,
                 from [01m[K/home/pi/catkin_ws/src/geometry2/tf2/src/buffer_core.cpp:32[m[K:
[01m[K/usr/include/c++/8/bits/stl_algo.h:[m[K In function ‘[01m[K_RandomAccessIterator std::__find_if(_RandomAccessIterator, _RandomAccessIterator, _Predicate, std::random_access_iterator_tag) [with _RandomAccessIterator = __gnu_cxx::__normal_iterator<tf2::BufferCore::TransformableRequest*, std::vector<tf2::BufferCore::TransformableRequest> >; _Predicate = __gnu_cxx::__ops::_Iter_pred<tf2::BufferCore::RemoveRequestByCallback>][m[K’:
[01m[K/usr/include/c++/8/bits/stl_algo.h:112:5:[m[K [01;36m[Knote: [m[Kparameter passing for argument of type ‘[01m[K__gnu_cxx::__normal_iterator<tf2::BufferCore::TransformableRequest*, std::vector<tf2::BufferCore::TransformableRequest> >[m[K’ changed in GCC 7.1
     [01;36m[K__find_if[m[K(_RandomAccessIterator __first, _RandomAccessIterator __last,
     [01;36m[K^~~~~~~~~[m[K
[01m[K/usr/include/c++/8/bits/stl_algo.h:112:5:[m[K [01;36m[Knote: [m[Kparameter passing for argument of type ‘[01m[K__gnu_cxx::__normal_iterator<tf2::BufferCore::TransformableRequest*, std::vector<tf2::BufferCore::TransformableRequest> >[m[K’ changed in GCC 7.1
[01m[K/usr/include/c++/8/bits/stl_algo.h:120:14:[m[K [01;36m[Knote: [m[Kparameter passing for argument of type ‘[01m[K__gnu_cxx::__normal_iterator<tf2::BufferCore::TransformableRequest*, std::vector<tf2::BufferCore::TransformableRequest> >[m[K’ changed in GCC 7.1
    if ([01;36m[K__pred(__first)[m[K)
        [01;36m[K~~~~~~^~~~~~~~~[m[K
[01m[K/usr/include/c++/8/bits/stl_algo.h:124:14:[m[K [01;36m[Knote: [m[Kparameter passing for argument of type ‘[01m[K__gnu_cxx::__normal_iterator<tf2::BufferCore::TransformableRequest*, std::vector<tf2::BufferCore::TransformableRequest> >[m[K’ changed in GCC 7.1
    if ([01;36m[K__pred(__first)[m[K)
        [01;36m[K~~~~~~^~~~~~~~~[m[K
[01m[K/usr/include/c++/8/bits/stl_algo.h:128:14:[m[K [01;36m[Knote: [m[Kparameter passing for argument of type ‘[01m[K__gnu_cxx::__normal_iterator<tf2::BufferCore::TransformableRequest*, std::vector<tf2::BufferCore::TransformableRequest> >[m[K’ changed in GCC 7.1
    if ([01;36m[K__pred(__first)[m[K)
        [01;36m[K~~~~~~^~~~~~~~~[m[K
[01m[K/usr/include/c++/8/bits/stl_algo.h:132:14:[m[K [01;36m[Knote: [m[Kparameter passing for argument of type ‘[01m[K__gnu_cxx::__normal_iterator<tf2::BufferCore::TransformableRequest*, std::vector<tf2::BufferCore::TransformableRequest> >[m[K’ changed in GCC 7.1
    if ([01;36m[K__pred(__first)[m[K)
        [01;36m[K~~~~~~^~~~~~~~~[m[K
[01m[K/usr/include/c++/8/bits/stl_algo.h:140:14:[m[K [01;36m[Knote: [m[Kparameter passing for argument of type ‘[01m[K__gnu_cxx::__normal_iterator<tf2::BufferCore::TransformableRequest*, std::vector<tf2::BufferCore::TransformableRequest> >[m[K’ changed in GCC 7.1
    if ([01;36m[K__pred(__first)[m[K)
        [01;36m[K~~~~~~^~~~~~~~~[m[K
[01m[K/usr/include/c++/8/bits/stl_algo.h:144:14:[m[K [01;36m[Knote: [m[Kparameter passing for argument of type ‘[01m[K__gnu_cxx::__normal_iterator<tf2::BufferCore::TransformableRequest*, std::vector<tf2::BufferCore::TransformableRequest> >[m[K’ changed in GCC 7.1
    if ([01;36m[K__pred(__first)[m[K)
        [01;36m[K~~~~~~^~~~~~~~~[m[K
[01m[K/usr/include/c++/8/bits/stl_algo.h:148:14:[m[K [01;36m[Knote: [m[Kparameter passing for argument of type ‘[01m[K__gnu_cxx::__normal_iterator<tf2::BufferCore::TransformableRequest*, std::vector<tf2::BufferCore::TransformableRequest> >[m[K’ changed in GCC 7.1
    if ([01;36m[K__pred(__first)[m[K)
        [01;36m[K~~~~~~^~~~~~~~~[m[K
In file included from [01m[K/usr/include/c++/8/cmath:42[m[K,
                 from [01m[K/usr/include/c++/8/math.h:36[m[K,
                 from [01m[K/home/pi/catkin_ws/src/geometry2/tf2/include/tf2/LinearMath/Scalar.h:26[m[K,
                 from [01m[K/home/pi/catkin_ws/src/geometry2/tf2/include/tf2/LinearMath/Vector3.h:21[m[K,
                 from [01m[K/home/pi/catkin_ws/src/geometry2/tf2/include/tf2/transform_storage.h:35[m[K,
                 from [01m[K/home/pi/catkin_ws/src/geometry2/tf2/include/tf2/buffer_core.h:35[m[K,
                 from [01m[K/home/pi/catkin_ws/src/geometry2/tf2/src/buffer_core.cpp:32[m[K:
[01m[K/usr/include/c++/8/bits/cpp_type_traits.h:[m[K In function ‘[01m[K_Iterator std::__miter_base(_Iterator) [with _Iterator = __gnu_cxx::__normal_iterator<tf2::BufferCore::TransformableRequest*, std::vector<tf2::BufferCore::TransformableRequest> >][m[K’:
[01m[K/usr/include/c++/8/bits/cpp_type_traits.h:419:5:[m[K [01;36m[Knote: [m[Kparameter passing for argument of type ‘[01m[K__gnu_cxx::__normal_iterator<tf2::BufferCore::TransformableRequest*, std::vector<tf2::BufferCore::TransformableRequest> >[m[K’ changed in GCC 7.1
     [01;36m[K__miter_base[m[K(_Iterator __it)
     [01;36m[K^~~~~~~~~~~~[m[K
In file included from [01m[K/usr/include/c++/8/bits/char_traits.h:39[m[K,
                 from [01m[K/usr/include/c++/8/string:40[m[K,
                 from [01m[K/opt/ros/noetic/include/ros/platform.h:38[m[K,
                 from [01m[K/opt/ros/noetic/include/ros/time.h:53[m[K,
                 from [01m[K/home/pi/catkin_ws/src/geometry2/tf2/include/tf2/transform_storage.h:39[m[K,
                 from [01m[K/home/pi/catkin_ws/src/geometry2/tf2/include/tf2/buffer_core.h:35[m[K,
                 from [01m[K/home/pi/catkin_ws/src/geometry2/tf2/src/buffer_core.cpp:32[m[K:
[01m[K/usr/include/c++/8/bits/stl_algobase.h:[m[K In function ‘[01m[K_OI std::__copy_move_a2(_II, _II, _OI) [with bool _IsMove = true; _II = __gnu_cxx::__normal_iterator<tf2::BufferCore::TransformableRequest*, std::vector<tf2::BufferCore::TransformableRequest> >; _OI = __gnu_cxx::__normal_iterator<tf2::BufferCore::TransformableRequest*, std::vector<tf2::BufferCore::TransformableRequest> >][m[K’:
[01m[K/usr/include/c++/8/bits/stl_algobase.h:420:5:[m[K [01;36m[Knote: [m[Kparameter passing for argument of type ‘[01m[K__gnu_cxx::__normal_iterator<tf2::BufferCore::TransformableRequest*, std::vector<tf2::BufferCore::TransformableRequest> >[m[K’ changed in GCC 7.1
     [01;36m[K__copy_move_a2[m[K(_II __first, _II __last, _OI __result)
     [01;36m[K^~~~~~~~~~~~~~[m[K
[01m[K/usr/include/c++/8/bits/stl_algobase.h:420:5:[m[K [01;36m[Knote: [m[Kparameter passing for argument of type ‘[01m[K__gnu_cxx::__normal_iterator<tf2::BufferCore::TransformableRequest*, std::vector<tf2::BufferCore::TransformableRequest> >[m[K’ changed in GCC 7.1
[01m[K/usr/include/c++/8/bits/stl_algobase.h:420:5:[m[K [01;36m[Knote: [m[Kparameter passing for argument of type ‘[01m[K__gnu_cxx::__normal_iterator<tf2::BufferCore::TransformableRequest*, std::vector<tf2::BufferCore::TransformableRequest> >[m[K’ changed in GCC 7.1
In file included from [01m[K/usr/include/c++/8/vector:63[m[K,
                 from [01m[K/usr/include/boost/math/special_functions/math_fwd.hpp:26[m[K,
                 from [01m[K/usr/include/boost/math/special_functions/round.hpp:15[m[K,
                 from [01m[K/opt/ros/noetic/include/ros/time.h:58[m[K,
                 from [01m[K/home/pi/catkin_ws/src/geometry2/tf2/include/tf2/transform_storage.h:39[m[K,
                 from [01m[K/home/pi/catkin_ws/src/geometry2/tf2/include/tf2/buffer_core.h:35[m[K,
                 from [01m[K/home/pi/catkin_ws/src/geometry2/tf2/src/buffer_core.cpp:32[m[K:
[01m[K/usr/include/c++/8/bits/stl_uninitialized.h:[m[K In function ‘[01m[K_ForwardIterator std::__uninitialized_copy_a(_InputIterator, _InputIterator, _ForwardIterator, std::allocator<_Tp>&) [with _InputIterator = std::move_iterator<tf2::BufferCore::TransformableRequest*>; _ForwardIterator = tf2::BufferCore::TransformableRequest*; _Tp = tf2::BufferCore::TransformableRequest][m[K’:
[01m[K/usr/include/c++/8/bits/stl_uninitialized.h:287:5:[m[K [01;36m[Knote: [m[Kparameter passing for argument of type ‘[01m[Kstd::move_iterator<tf2::BufferCore::TransformableRequest*>[m[K’ changed in GCC 7.1
     [01;36m[K__uninitialized_copy_a[m[K(_InputIterator __first, _InputIterator __last,
     [01;36m[K^~~~~~~~~~~~~~~~~~~~~~[m[K
[01m[K/usr/include/c++/8/bits/stl_uninitialized.h:287:5:[m[K [01;36m[Knote: [m[Kparameter passing for argument of type ‘[01m[Kstd::move_iterator<tf2::BufferCore::TransformableRequest*>[m[K’ changed in GCC 7.1
[01m[K/usr/include/c++/8/bits/stl_uninitialized.h:289:37:[m[K [01;36m[Knote: [m[Kparameter passing for argument of type ‘[01m[Kstd::move_iterator<tf2::BufferCore::TransformableRequest*>[m[K’ changed in GCC 7.1
     { return [01;36m[Kstd::uninitialized_copy(__first, __last, __result)[m[K; }
              [01;36m[K~~~~~~~~~~~~~~~~~~~~~~~^~~~~~~~~~~~~~~~~~~~~~~~~~~[m[K
In file included from [01m[K/usr/include/c++/8/algorithm:62[m[K,
                 from [01m[K/usr/include/boost/math/tools/config.hpp:18[m[K,
                 from [01m[K/usr/include/boost/math/special_functions/round.hpp:13[m[K,
                 from [01m[K/opt/ros/noetic/include/ros/time.h:58[m[K,
                 from [01m[K/home/pi/catkin_ws/src/geometry2/tf2/include/tf2/transform_storage.h:39[m[K,
                 from [01m[K/home/pi/catkin_ws/src/geometry2/tf2/include/tf2/buffer_core.h:35[m[K,
                 from [01m[K/home/pi/catkin_ws/src/geometry2/tf2/src/buffer_core.cpp:32[m[K:
[01m[K/usr/include/c++/8/bits/stl_algo.h:[m[K In function ‘[01m[K_RandomAccessIterator std::__find_if(_RandomAccessIterator, _RandomAccessIterator, _Predicate, std::random_access_iterator_tag) [with _RandomAccessIterator = __gnu_cxx::__normal_iterator<tf2::BufferCore::TransformableRequest*, std::vector<tf2::BufferCore::TransformableRequest> >; _Predicate = __gnu_cxx::__ops::_Iter_pred<tf2::BufferCore::RemoveRequestByID>][m[K’:
[01m[K/usr/include/c++/8/bits/stl_algo.h:112:5:[m[K [01;36m[Knote: [m[Kparameter passing for argument of type ‘[01m[K__gnu_cxx::__normal_iterator<tf2::BufferCore::TransformableRequest*, std::vector<tf2::BufferCore::TransformableRequest> >[m[K’ changed in GCC 7.1
     [01;36m[K__find_if[m[K(_RandomAccessIterator __first, _RandomAccessIterator __last,
     [01;36m[K^~~~~~~~~[m[K
[01m[K/usr/include/c++/8/bits/stl_algo.h:112:5:[m[K [01;36m[Knote: [m[Kparameter passing for argument of type ‘[01m[K__gnu_cxx::__normal_iterator<tf2::BufferCore::TransformableRequest*, std::vector<tf2::BufferCore::TransformableRequest> >[m[K’ changed in GCC 7.1
[01m[K/usr/include/c++/8/bits/stl_algo.h:120:14:[m[K [01;36m[Knote: [m[Kparameter passing for argument of type ‘[01m[K__gnu_cxx::__normal_iterator<tf2::BufferCore::TransformableRequest*, std::vector<tf2::BufferCore::TransformableRequest> >[m[K’ changed in GCC 7.1
    if ([01;36m[K__pred(__first)[m[K)
        [01;36m[K~~~~~~^~~~~~~~~[m[K
[01m[K/usr/include/c++/8/bits/stl_algo.h:124:14:[m[K [01;36m[Knote: [m[Kparameter passing for argument of type ‘[01m[K__gnu_cxx::__normal_iterator<tf2::BufferCore::TransformableRequest*, std::vector<tf2::BufferCore::TransformableRequest> >[m[K’ changed in GCC 7.1
    if ([01;36m[K__pred(__first)[m[K)
        [01;36m[K~~~~~~^~~~~~~~~[m[K
[01m[K/usr/include/c++/8/bits/stl_algo.h:128:14:[m[K [01;36m[Knote: [m[Kparameter passing for argument of type ‘[01m[K__gnu_cxx::__normal_iterator<tf2::BufferCore::TransformableRequest*, std::vector<tf2::BufferCore::TransformableRequest> >[m[K’ changed in GCC 7.1
    if ([01;36m[K__pred(__first)[m[K)
        [01;36m[K~~~~~~^~~~~~~~~[m[K
[01m[K/usr/include/c++/8/bits/stl_algo.h:132:14:[m[K [01;36m[Knote: [m[Kparameter passing for argument of type ‘[01m[K__gnu_cxx::__normal_iterator<tf2::BufferCore::TransformableRequest*, std::vector<tf2::BufferCore::TransformableRequest> >[m[K’ changed in GCC 7.1
    if ([01;36m[K__pred(__first)[m[K)
        [01;36m[K~~~~~~^~~~~~~~~[m[K
[01m[K/usr/include/c++/8/bits/stl_algo.h:140:14:[m[K [01;36m[Knote: [m[Kparameter passing for argument of type ‘[01m[K__gnu_cxx::__normal_iterator<tf2::BufferCore::TransformableRequest*, std::vector<tf2::BufferCore::TransformableRequest> >[m[K’ changed in GCC 7.1
    if ([01;36m[K__pred(__first)[m[K)
        [01;36m[K~~~~~~^~~~~~~~~[m[K
[01m[K/usr/include/c++/8/bits/stl_algo.h:144:14:[m[K [01;36m[Knote: [m[Kparameter passing for argument of type ‘[01m[K__gnu_cxx::__normal_iterator<tf2::BufferCore::TransformableRequest*, std::vector<tf2::BufferCore::TransformableRequest> >[m[K’ changed in GCC 7.1
    if ([01;36m[K__pred(__first)[m[K)
        [01;36m[K~~~~~~^~~~~~~~~[m[K
[01m[K/usr/include/c++/8/bits/stl_algo.h:148:14:[m[K [01;36m[Knote: [m[Kparameter passing for argument of type ‘[01m[K__gnu_cxx::__normal_iterator<tf2::BufferCore::TransformableRequest*, std::vector<tf2::BufferCore::TransformableRequest> >[m[K’ changed in GCC 7.1
    if ([01;36m[K__pred(__first)[m[K)
        [01;36m[K~~~~~~^~~~~~~~~[m[K
In file included from [01m[K/usr/include/c++/8/bits/stl_algobase.h:67[m[K,
                 from [01m[K/usr/include/c++/8/bits/char_traits.h:39[m[K,
                 from [01m[K/usr/include/c++/8/string:40[m[K,
                 from [01m[K/opt/ros/noetic/include/ros/platform.h:38[m[K,
                 from [01m[K/opt/ros/noetic/include/ros/time.h:53[m[K,
                 from [01m[K/home/pi/catkin_ws/src/geometry2/tf2/include/tf2/transform_storage.h:39[m[K,
                 from [01m[K/home/pi/catkin_ws/src/geometry2/tf2/include/tf2/buffer_core.h:35[m[K,
                 from [01m[K/home/pi/catkin_ws/src/geometry2/tf2/src/buffer_core.cpp:32[m[K:
[01m[K/usr/include/c++/8/bits/stl_iterator.h:[m[K In function ‘[01m[K_Iterator std::__niter_base(__gnu_cxx::__normal_iterator<_Iterator, _Container>) [with _Iterator = tf2::BufferCore::TransformableRequest*; _Container = std::vector<tf2::BufferCore::TransformableRequest>][m[K’:
[01m[K/usr/include/c++/8/bits/stl_iterator.h:987:5:[m[K [01;36m[Knote: [m[Kparameter passing for argument of type ‘[01m[K__gnu_cxx::__normal_iterator<tf2::BufferCore::TransformableRequest*, std::vector<tf2::BufferCore::TransformableRequest> >[m[K’ changed in GCC 7.1
     [01;36m[K__niter_base[m[K(__gnu_cxx::__normal_iterator<_Iterator, _Container> __it)
     [01;36m[K^~~~~~~~~~~~[m[K
In file included from [01m[K/usr/include/c++/8/vector:63[m[K,
                 from [01m[K/usr/include/boost/math/special_functions/math_fwd.hpp:26[m[K,
                 from [01m[K/usr/include/boost/math/special_functions/round.hpp:15[m[K,
                 from [01m[K/opt/ros/noetic/include/ros/time.h:58[m[K,
                 from [01m[K/home/pi/catkin_ws/src/geometry2/tf2/include/tf2/transform_storage.h:39[m[K,
                 from [01m[K/home/pi/catkin_ws/src/geometry2/tf2/include/tf2/buffer_core.h:35[m[K,
                 from [01m[K/home/pi/catkin_ws/src/geometry2/tf2/src/buffer_core.cpp:32[m[K:
[01m[K/usr/include/c++/8/bits/stl_uninitialized.h:[m[K In function ‘[01m[K_ForwardIterator std::uninitialized_copy(_InputIterator, _InputIterator, _ForwardIterator) [with _InputIterator = std::move_iterator<tf2::BufferCore::TransformableRequest*>; _ForwardIterator = tf2::BufferCore::TransformableRequest*][m[K’:
[01m[K/usr/include/c++/8/bits/stl_uninitialized.h:115:5:[m[K [01;36m[Knote: [m[Kparameter passing for argument of type ‘[01m[Kstd::move_iterator<tf2::BufferCore::TransformableRequest*>[m[K’ changed in GCC 7.1
     [01;36m[Kuninitialized_copy[m[K(_InputIterator __first, _InputIterator __last,
     [01;36m[K^~~~~~~~~~~~~~~~~~[m[K
[01m[K/usr/include/c++/8/bits/stl_uninitialized.h:115:5:[m[K [01;36m[Knote: [m[Kparameter passing for argument of type ‘[01m[Kstd::move_iterator<tf2::BufferCore::TransformableRequest*>[m[K’ changed in GCC 7.1
[01m[K/usr/include/c++/8/bits/stl_uninitialized.h:134:15:[m[K [01;36m[Knote: [m[Kparameter passing for argument of type ‘[01m[Kstd::move_iterator<tf2::BufferCore::TransformableRequest*>[m[K’ changed in GCC 7.1
       return [01;36m[Kstd::__uninitialized_copy<__is_trivial(_ValueType1)[m[K
              [01;36m[K~~~~~~~~~~~~~~~~~~~~~~~~~~~~~~~~~~~~~~~~~~~~~~~~~~~[m[K
 [01;36m[K           && __is_trivial(_ValueType2)[m[K
            [01;36m[K~~~~~~~~~~~~~~~~~~~~~~~~~~~~[m[K
 [01;36m[K           && __assignable>::[m[K
            [01;36m[K~~~~~~~~~~~~~~~~~~[m[K
 [01;36m[K __uninit_copy(__first, __last, __result)[m[K;
  [01;36m[K~~~~~~~~~~~~~^~~~~~~~~~~~~~~~~~~~~~~~~~~[m[K
[01m[K/usr/include/c++/8/bits/stl_uninitialized.h:[m[K In static member function ‘[01m[Kstatic _ForwardIterator std::__uninitialized_copy<_TrivialValueTypes>::__uninit_copy(_InputIterator, _InputIterator, _ForwardIterator) [with _InputIterator = std::move_iterator<tf2::BufferCore::TransformableRequest*>; _ForwardIterator = tf2::BufferCore::TransformableRequest*; bool _TrivialValueTypes = false][m[K’:
[01m[K/usr/include/c++/8/bits/stl_uninitialized.h:76:9:[m[K [01;36m[Knote: [m[Kparameter passing for argument of type ‘[01m[Kstd::move_iterator<tf2::BufferCore::TransformableRequest*>[m[K’ changed in GCC 7.1
         [01;36m[K__uninit_copy[m[K(_InputIterator __first, _InputIterator __last,
         [01;36m[K^~~~~~~~~~~~~[m[K
[01m[K/usr/include/c++/8/bits/stl_uninitialized.h:76:9:[m[K [01;36m[Knote: [m[Kparameter passing for argument of type ‘[01m[Kstd::move_iterator<tf2::BufferCore::TransformableRequest*>[m[K’ changed in GCC 7.1
