Symlinking /home/pi/catkin_ws/devel/include/variant_msgs/VariantHeader.h
Symlinking /home/pi/catkin_ws/devel/include/variant_msgs/VariantType.h
Symlinking /home/pi/catkin_ws/devel/include/variant_msgs/Variant.h
Symlinking /home/pi/catkin_ws/devel/include/variant_msgs/Test.h
Symlinking /home/pi/catkin_ws/devel/lib/pkgconfig/variant_msgs.pc
Symlinking /home/pi/catkin_ws/devel/lib/python3/dist-packages/variant_msgs/__init__.py
Symlinking /home/pi/catkin_ws/devel/lib/python3/dist-packages/variant_msgs/msg/_VariantHeader.py
Symlinking /home/pi/catkin_ws/devel/lib/python3/dist-packages/variant_msgs/msg/_Variant.py
Symlinking /home/pi/catkin_ws/devel/lib/python3/dist-packages/variant_msgs/msg/__init__.py
Symlinking /home/pi/catkin_ws/devel/lib/python3/dist-packages/variant_msgs/msg/_VariantType.py
Symlinking /home/pi/catkin_ws/devel/lib/python3/dist-packages/variant_msgs/msg/_Test.py
Symlinking /home/pi/catkin_ws/devel/share/common-lisp/ros/variant_msgs/msg/VariantHeader.lisp
Symlinking /home/pi/catkin_ws/devel/share/common-lisp/ros/variant_msgs/msg/_package_VariantType.lisp
Symlinking /home/pi/catkin_ws/devel/share/common-lisp/ros/variant_msgs/msg/_package_VariantHeader.lisp
Symlinking /home/pi/catkin_ws/devel/share/common-lisp/ros/variant_msgs/msg/_package_Variant.lisp
Symlinking /home/pi/catkin_ws/devel/share/common-lisp/ros/variant_msgs/msg/Variant.lisp
Symlinking /home/pi/catkin_ws/devel/share/common-lisp/ros/variant_msgs/msg/_package.lisp
Symlinking /home/pi/catkin_ws/devel/share/common-lisp/ros/variant_msgs/msg/Test.lisp
Symlinking /home/pi/catkin_ws/devel/share/common-lisp/ros/variant_msgs/msg/variant_msgs-msg.asd
Symlinking /home/pi/catkin_ws/devel/share/common-lisp/ros/variant_msgs/msg/_package_Test.lisp
Symlinking /home/pi/catkin_ws/devel/share/common-lisp/ros/variant_msgs/msg/VariantType.lisp
Symlinking /home/pi/catkin_ws/devel/share/roseus/ros/variant_msgs/manifest.l
Symlinking /home/pi/catkin_ws/devel/share/roseus/ros/variant_msgs/msg/VariantHeader.l
Symlinking /home/pi/catkin_ws/devel/share/roseus/ros/variant_msgs/msg/Test.l
Symlinking /home/pi/catkin_ws/devel/share/roseus/ros/variant_msgs/msg/Variant.l
Symlinking /home/pi/catkin_ws/devel/share/roseus/ros/variant_msgs/msg/VariantType.l
Symlinking /home/pi/catkin_ws/devel/share/variant_msgs/cmake/variant_msgs-msg-paths.cmake
Symlinking /home/pi/catkin_ws/devel/share/variant_msgs/cmake/variant_msgsConfig.cmake
Symlinking /home/pi/catkin_ws/devel/share/variant_msgs/cmake/variant_msgsConfig-version.cmake
Symlinking /home/pi/catkin_ws/devel/share/variant_msgs/cmake/variant_msgs-msg-extras.cmake
Symlinking /home/pi/catkin_ws/devel/share/gennodejs/ros/variant_msgs/_index.js
Symlinking /home/pi/catkin_ws/devel/share/gennodejs/ros/variant_msgs/msg/Test.js
Symlinking /home/pi/catkin_ws/devel/share/gennodejs/ros/variant_msgs/msg/VariantType.js
Symlinking /home/pi/catkin_ws/devel/share/gennodejs/ros/variant_msgs/msg/VariantHeader.js
Symlinking /home/pi/catkin_ws/devel/share/gennodejs/ros/variant_msgs/msg/Variant.js
Symlinking /home/pi/catkin_ws/devel/share/gennodejs/ros/variant_msgs/msg/_index.js
